Sun 11 Jan 2026 07:19:24 INFO  {'seed': 2020, 'dataset': 'Video_Games', 'bidirectional': False, 'n_heads': 2, 'lr': 0.001, 'tau': 0.07, 'cl_weight': 0.5, 'mlm_weight': 0.3, 'neg_num': 25000, 'text_types': ['title', 'brand', 'features', 'categories', 'description'], 'epochs': 500, 'batch_size': 90, 'num_workers': 8, 'eval_step': 1, 'learner': 'AdamW', 'data_path': './dataset', 'map_path': '.emb_map.json', 'text_index_path': '.code.pq.20_256.pca128.title_brand_features_categories_description.json', 'text_emb_path': '.t5.meta.emb.npy', 'lr_scheduler_type': 'constant', 'gradient_accumulation_steps': 1, 'warmup_steps': 500, 'weight_decay': 0.0001, 'max_his_len': 50, 'n_codes_per_lel': 256, 'code_level': 20, 'early_stop': 100, 'embedding_size': 128, 'hidden_size': 512, 'n_layers': 2, 'n_layers_cross': 2, 'dropout_prob': 0.2, 'dropout_prob_cross': 0.1, 'mask_ratio': 0.5, 'device': 'cuda:0', 'metrics': 'recall@5,ndcg@5,recall@10,ndcg@10', 'valid_metric': 'ndcg@10', 'log_dir': './logs/Video_Games/傅里叶_分层', 'ckpt_dir': './myckpt/', 'resume': '/home/yejinxuan/yejinxuan/CCFRec/myckpt/Video_Games/Jan-11-2026_02-18-e18370_mlm0.3_cl0.5_maskratio0.5_drop0.2_dpcross0.1/best_model.pth', 'run_local_time': 'Jan-11-2026_07-19', 'save_file_name': 'Jan-11-2026_07-19-d0ed1b_mlm0.3_cl0.5_maskratio0.5_drop0.2_dpcross0.1'}
Sun 11 Jan 2026 07:20:13 INFO  Resumed from checkpoint: /home/yejinxuan/yejinxuan/CCFRec/myckpt/Video_Games/Jan-11-2026_02-18-e18370_mlm0.3_cl0.5_maskratio0.5_drop0.2_dpcross0.1/best_model.pth, starting from epoch 2
Sun 11 Jan 2026 07:20:13 INFO  CCFRec(
  (query_code_embedding): Embedding(5121, 128, padding_idx=0)
  (item_text_embedding): ModuleList(
    (0-4): 5 x Embedding(25613, 128, padding_idx=0)
  )
  (qformer): CrossAttTransformer(
    (layer): ModuleList(
      (0-1): 2 x CrossAttTransformerLayer(
        (self_attention): MultiHeadAttention(
          (query): Linear(in_features=128, out_features=128, bias=True)
          (key): Linear(in_features=128, out_features=128, bias=True)
          (value): Linear(in_features=128, out_features=128, bias=True)
          (softmax): Softmax(dim=-1)
          (attn_dropout): Dropout(p=0.1, inplace=False)
          (out_linear): Linear(in_features=128, out_features=128, bias=True)
          (LayerNorm): LayerNorm((128,), eps=1e-12, elementwise_affine=True)
          (out_dropout): Dropout(p=0.1, inplace=False)
        )
        (cross_attention): MultiHeadAttention(
          (query): Linear(in_features=128, out_features=128, bias=True)
          (key): Linear(in_features=128, out_features=128, bias=True)
          (value): Linear(in_features=128, out_features=128, bias=True)
          (softmax): Softmax(dim=-1)
          (attn_dropout): Dropout(p=0.1, inplace=False)
          (out_linear): Linear(in_features=128, out_features=128, bias=True)
          (LayerNorm): LayerNorm((128,), eps=1e-12, elementwise_affine=True)
          (out_dropout): Dropout(p=0.1, inplace=False)
        )
        (feed_forward): FeedForward(
          (linear_1): Linear(in_features=128, out_features=512, bias=True)
          (linear_2): Linear(in_features=512, out_features=128, bias=True)
          (LayerNorm): LayerNorm((128,), eps=1e-12, elementwise_affine=True)
          (dropout): Dropout(p=0.1, inplace=False)
        )
      )
    )
  )
  (fourier_attention): FrequencyAttention(
    (freq_proj): Linear(in_features=128, out_features=128, bias=True)
    (dropout): Dropout(p=0.1, inplace=False)
    (layer_norm): LayerNorm((128,), eps=1e-05, elementwise_affine=True)
  )
  (intra_position_embedding): Embedding(50, 128)
  (intra_transformer): Transformer(
    (layer): ModuleList(
      (0-1): 2 x TransformerLayer(
        (multi_head_attention): MultiHeadAttention(
          (query): Linear(in_features=128, out_features=128, bias=True)
          (key): Linear(in_features=128, out_features=128, bias=True)
          (value): Linear(in_features=128, out_features=128, bias=True)
          (softmax): Softmax(dim=-1)
          (attn_dropout): Dropout(p=0.2, inplace=False)
          (out_linear): Linear(in_features=128, out_features=128, bias=True)
          (LayerNorm): LayerNorm((128,), eps=1e-12, elementwise_affine=True)
          (out_dropout): Dropout(p=0.2, inplace=False)
        )
        (feed_forward): FeedForward(
          (linear_1): Linear(in_features=128, out_features=512, bias=True)
          (linear_2): Linear(in_features=512, out_features=128, bias=True)
          (LayerNorm): LayerNorm((128,), eps=1e-12, elementwise_affine=True)
          (dropout): Dropout(p=0.2, inplace=False)
        )
      )
    )
  )
  (intra_layer_norm): LayerNorm((128,), eps=1e-12, elementwise_affine=True)
  (intra_dropout): Dropout(p=0.2, inplace=False)
  (inter_lstm): LSTM(128, 64, batch_first=True, bidirectional=True)
  (inter_layer_norm): LayerNorm((128,), eps=1e-12, elementwise_affine=True)
  (inter_dropout): Dropout(p=0.2, inplace=False)
  (session_position_embedding): Embedding(50, 128)
  (session_attention_w): Linear(in_features=256, out_features=128, bias=True)
  (session_attention_v): Linear(in_features=128, out_features=1, bias=False)
  (residual_gate): Sequential(
    (0): Linear(in_features=256, out_features=128, bias=True)
    (1): Sigmoid()
  )
  (loss_fct): CrossEntropyLoss()
)
Sun 11 Jan 2026 08:25:28 INFO  [Epoch 2] training [time: 3914.77s, loss: 9.1201, mlm_loss: 4.4646, rec_loss: 7.7305, cl_loss: 0.1004, ]
Sun 11 Jan 2026 08:28:12 INFO  [Epoch 2] Saving current: ./myckpt/Video_Games/Jan-11-2026_07-19-d0ed1b_mlm0.3_cl0.5_maskratio0.5_drop0.2_dpcross0.1/best_model.pth
Sun 11 Jan 2026 08:28:12 INFO  [Epoch 2] Val Result: {'recall@5': 0.059295920305607736, 'ndcg@5': 0.037099680064440616, 'recall@10': 0.09511196471159325, 'ndcg@10': 0.048593948892287464}
Sun 11 Jan 2026 09:33:36 INFO  [Epoch 3] training [time: 3924.53s, loss: 9.0164, mlm_loss: 4.3881, rec_loss: 7.6513, cl_loss: 0.0973, ]
Sun 11 Jan 2026 09:36:30 INFO  [Epoch 3] Saving current: ./myckpt/Video_Games/Jan-11-2026_07-19-d0ed1b_mlm0.3_cl0.5_maskratio0.5_drop0.2_dpcross0.1/best_model.pth
Sun 11 Jan 2026 09:36:30 INFO  [Epoch 3] Val Result: {'recall@5': 0.06115320487115088, 'ndcg@5': 0.038517653910344, 'recall@10': 0.0975179924442287, 'ndcg@10': 0.05020199318850559}
Sun 11 Jan 2026 10:41:40 INFO  [Epoch 4] training [time: 3910.47s, loss: 8.9656, mlm_loss: 4.3334, rec_loss: 7.6171, cl_loss: 0.0971, ]
Sun 11 Jan 2026 10:44:31 INFO  [Epoch 4] Saving current: ./myckpt/Video_Games/Jan-11-2026_07-19-d0ed1b_mlm0.3_cl0.5_maskratio0.5_drop0.2_dpcross0.1/best_model.pth
Sun 11 Jan 2026 10:44:31 INFO  [Epoch 4] Val Result: {'recall@5': 0.06350646883771977, 'ndcg@5': 0.0403155797192985, 'recall@10': 0.10205567632595344, 'ndcg@10': 0.052671308265519155}
Sun 11 Jan 2026 11:49:28 INFO  [Epoch 5] training [time: 3896.60s, loss: 8.9132, mlm_loss: 4.2928, rec_loss: 7.5776, cl_loss: 0.0954, ]
Sun 11 Jan 2026 11:52:08 INFO  [Epoch 5] Saving current: ./myckpt/Video_Games/Jan-11-2026_07-19-d0ed1b_mlm0.3_cl0.5_maskratio0.5_drop0.2_dpcross0.1/best_model.pth
Sun 11 Jan 2026 11:52:08 INFO  [Epoch 5] Val Result: {'recall@5': 0.06469892995082417, 'ndcg@5': 0.040910630906542254, 'recall@10': 0.10379688060615014, 'ndcg@10': 0.05347111450571883}
Sun 11 Jan 2026 12:57:28 INFO  [Epoch 6] training [time: 3920.00s, loss: 8.8714, mlm_loss: 4.2632, rec_loss: 7.5449, cl_loss: 0.0951, ]
Sun 11 Jan 2026 13:00:10 INFO  [Epoch 6] Val Result: {'recall@5': 0.0643295835883582, 'ndcg@5': 0.04040833902913529, 'recall@10': 0.10223507313057976, 'ndcg@10': 0.05256800943333905}
Sun 11 Jan 2026 14:05:07 INFO  [Epoch 7] training [time: 3897.39s, loss: 8.8387, mlm_loss: 4.2406, rec_loss: 7.5191, cl_loss: 0.0947, ]
Sun 11 Jan 2026 14:07:49 INFO  [Epoch 7] Saving current: ./myckpt/Video_Games/Jan-11-2026_07-19-d0ed1b_mlm0.3_cl0.5_maskratio0.5_drop0.2_dpcross0.1/best_model.pth
Sun 11 Jan 2026 14:07:49 INFO  [Epoch 7] Val Result: {'recall@5': 0.06531098963719635, 'ndcg@5': 0.041272586417596714, 'recall@10': 0.10363858930795045, 'ndcg@10': 0.0535854422033559}
Sun 11 Jan 2026 15:12:56 INFO  [Epoch 8] training [time: 3907.43s, loss: 8.8128, mlm_loss: 4.2222, rec_loss: 7.4989, cl_loss: 0.0945, ]
Sun 11 Jan 2026 15:15:38 INFO  [Epoch 8] Saving current: ./myckpt/Video_Games/Jan-11-2026_07-19-d0ed1b_mlm0.3_cl0.5_maskratio0.5_drop0.2_dpcross0.1/best_model.pth
Sun 11 Jan 2026 15:15:38 INFO  [Epoch 8] Val Result: {'recall@5': 0.06419239779658513, 'ndcg@5': 0.040802337224062665, 'recall@10': 0.10427175450074924, 'ndcg@10': 0.05370328279918909}
Sun 11 Jan 2026 16:20:38 INFO  [Epoch 9] training [time: 3900.14s, loss: 8.7894, mlm_loss: 4.2073, rec_loss: 7.4799, cl_loss: 0.0947, ]
Sun 11 Jan 2026 16:23:19 INFO  [Epoch 9] Saving current: ./myckpt/Video_Games/Jan-11-2026_07-19-d0ed1b_mlm0.3_cl0.5_maskratio0.5_drop0.2_dpcross0.1/best_model.pth
Sun 11 Jan 2026 16:23:19 INFO  [Epoch 9] Val Result: {'recall@5': 0.06595470758320846, 'ndcg@5': 0.04143067619080798, 'recall@10': 0.10524260779637408, 'ndcg@10': 0.054058413228696596}
Sun 11 Jan 2026 17:28:18 INFO  [Epoch 10] training [time: 3898.63s, loss: 8.7673, mlm_loss: 4.1945, rec_loss: 7.4616, cl_loss: 0.0947, ]
Sun 11 Jan 2026 17:30:59 INFO  [Epoch 10] Saving current: ./myckpt/Video_Games/Jan-11-2026_07-19-d0ed1b_mlm0.3_cl0.5_maskratio0.5_drop0.2_dpcross0.1/best_model.pth
Sun 11 Jan 2026 17:30:59 INFO  [Epoch 10] Val Result: {'recall@5': 0.06640847597138093, 'ndcg@5': 0.04206528001192294, 'recall@10': 0.10611848631307909, 'ndcg@10': 0.05483106087089473}
Sun 11 Jan 2026 18:35:58 INFO  [Epoch 11] training [time: 3898.15s, loss: 8.7505, mlm_loss: 4.1843, rec_loss: 7.4479, cl_loss: 0.0947, ]
Sun 11 Jan 2026 18:38:40 INFO  [Epoch 11] Saving current: ./myckpt/Video_Games/Jan-11-2026_07-19-d0ed1b_mlm0.3_cl0.5_maskratio0.5_drop0.2_dpcross0.1/best_model.pth
Sun 11 Jan 2026 18:38:40 INFO  [Epoch 11] Val Result: {'recall@5': 0.06762204259091197, 'ndcg@5': 0.04273620965427667, 'recall@10': 0.10813406217682194, 'ndcg@10': 0.05573367936961751}
Sun 11 Jan 2026 19:43:30 INFO  [Epoch 12] training [time: 3890.08s, loss: 8.7346, mlm_loss: 4.1753, rec_loss: 7.4344, cl_loss: 0.0952, ]
Sun 11 Jan 2026 19:46:11 INFO  [Epoch 12] Val Result: {'recall@5': 0.06740043477343238, 'ndcg@5': 0.04285362212469381, 'recall@10': 0.1070049175829974, 'ndcg@10': 0.05560252760180782}
Sun 11 Jan 2026 20:51:14 INFO  [Epoch 13] training [time: 3903.32s, loss: 8.7200, mlm_loss: 4.1676, rec_loss: 7.4221, cl_loss: 0.0951, ]
Sun 11 Jan 2026 20:53:58 INFO  [Epoch 13] Val Result: {'recall@5': 0.06747430404592558, 'ndcg@5': 0.042298682454969296, 'recall@10': 0.10730039467297017, 'ndcg@10': 0.0551111344272823}
Sun 11 Jan 2026 21:58:41 INFO  [Epoch 14] training [time: 3883.18s, loss: 8.7058, mlm_loss: 4.1599, rec_loss: 7.4103, cl_loss: 0.0950, ]
Sun 11 Jan 2026 22:01:22 INFO  [Epoch 14] Val Result: {'recall@5': 0.06728435448808594, 'ndcg@5': 0.042307552255356574, 'recall@10': 0.10676220425909119, 'ndcg@10': 0.05499132521794422}
Sun 11 Jan 2026 23:06:14 INFO  [Epoch 15] training [time: 3892.34s, loss: 8.6923, mlm_loss: 4.1538, rec_loss: 7.3985, cl_loss: 0.0952, ]
Sun 11 Jan 2026 23:08:54 INFO  [Epoch 15] Val Result: {'recall@5': 0.0684346045883371, 'ndcg@5': 0.042897045288089256, 'recall@10': 0.10813406217682194, 'ndcg@10': 0.055666212034880626}
Mon 12 Jan 2026 00:13:51 INFO  [Epoch 16] training [time: 3897.29s, loss: 8.6824, mlm_loss: 4.1513, rec_loss: 7.3895, cl_loss: 0.0949, ]
Mon 12 Jan 2026 00:16:31 INFO  [Epoch 16] Saving current: ./myckpt/Video_Games/Jan-11-2026_07-19-d0ed1b_mlm0.3_cl0.5_maskratio0.5_drop0.2_dpcross0.1/best_model.pth
Mon 12 Jan 2026 00:16:31 INFO  [Epoch 16] Val Result: {'recall@5': 0.06827631329013739, 'ndcg@5': 0.04307902109308207, 'recall@10': 0.10775416306114265, 'ndcg@10': 0.055796805959396886}
Mon 12 Jan 2026 01:21:14 INFO  [Epoch 17] training [time: 3883.79s, loss: 8.6720, mlm_loss: 4.1456, rec_loss: 7.3809, cl_loss: 0.0950, ]
Mon 12 Jan 2026 01:23:54 INFO  [Epoch 17] Saving current: ./myckpt/Video_Games/Jan-11-2026_07-19-d0ed1b_mlm0.3_cl0.5_maskratio0.5_drop0.2_dpcross0.1/best_model.pth
Mon 12 Jan 2026 01:23:54 INFO  [Epoch 17] Val Result: {'recall@5': 0.06793862518731136, 'ndcg@5': 0.04302123096290339, 'recall@10': 0.10865114708427429, 'ndcg@10': 0.056116276955041476}
Mon 12 Jan 2026 02:29:10 INFO  [Epoch 18] training [time: 3916.82s, loss: 8.6625, mlm_loss: 4.1414, rec_loss: 7.3725, cl_loss: 0.0952, ]
Mon 12 Jan 2026 02:31:54 INFO  [Epoch 18] Saving current: ./myckpt/Video_Games/Jan-11-2026_07-19-d0ed1b_mlm0.3_cl0.5_maskratio0.5_drop0.2_dpcross0.1/best_model.pth
Mon 12 Jan 2026 02:31:54 INFO  [Epoch 18] Val Result: {'recall@5': 0.06972204048036133, 'ndcg@5': 0.04381923601278183, 'recall@10': 0.10988581921023195, 'ndcg@10': 0.05670370064322471}
Mon 12 Jan 2026 03:37:05 INFO  [Epoch 19] training [time: 3910.77s, loss: 8.6542, mlm_loss: 4.1382, rec_loss: 7.3650, cl_loss: 0.0956, ]
Mon 12 Jan 2026 03:39:45 INFO  [Epoch 19] Val Result: {'recall@5': 0.06808636373229776, 'ndcg@5': 0.042948660358954206, 'recall@10': 0.10885164939532724, 'ndcg@10': 0.05603889558128642}
Mon 12 Jan 2026 04:45:14 INFO  [Epoch 20] training [time: 3928.71s, loss: 8.6463, mlm_loss: 4.1344, rec_loss: 7.3582, cl_loss: 0.0956, ]
Mon 12 Jan 2026 04:47:55 INFO  [Epoch 20] Val Result: {'recall@5': 0.06786475591481818, 'ndcg@5': 0.042649488438932154, 'recall@10': 0.10949536734133936, 'ndcg@10': 0.05604084110791383}
Mon 12 Jan 2026 05:52:58 INFO  [Epoch 21] training [time: 3902.85s, loss: 8.6390, mlm_loss: 4.1320, rec_loss: 7.3517, cl_loss: 0.0956, ]
Mon 12 Jan 2026 05:55:39 INFO  [Epoch 21] Val Result: {'recall@5': 0.06852957936725691, 'ndcg@5': 0.043002997879297046, 'recall@10': 0.1092209957577932, 'ndcg@10': 0.05607649306745165}
Mon 12 Jan 2026 07:00:40 INFO  [Epoch 22] training [time: 3900.85s, loss: 8.6319, mlm_loss: 4.1298, rec_loss: 7.3449, cl_loss: 0.0962, ]
Mon 12 Jan 2026 07:03:22 INFO  [Epoch 22] Saving current: ./myckpt/Video_Games/Jan-11-2026_07-19-d0ed1b_mlm0.3_cl0.5_maskratio0.5_drop0.2_dpcross0.1/best_model.pth
Mon 12 Jan 2026 07:03:22 INFO  [Epoch 22] Val Result: {'recall@5': 0.06932103585825541, 'ndcg@5': 0.04353300322820803, 'recall@10': 0.11109938582976299, 'ndcg@10': 0.056955847876840965}
Mon 12 Jan 2026 08:08:20 INFO  [Epoch 23] training [time: 3898.67s, loss: 8.6261, mlm_loss: 4.1273, rec_loss: 7.3398, cl_loss: 0.0962, ]
Mon 12 Jan 2026 08:11:02 INFO  [Epoch 23] Saving current: ./myckpt/Video_Games/Jan-11-2026_07-19-d0ed1b_mlm0.3_cl0.5_maskratio0.5_drop0.2_dpcross0.1/best_model.pth
Mon 12 Jan 2026 08:11:02 INFO  [Epoch 23] Val Result: {'recall@5': 0.06953209092252169, 'ndcg@5': 0.04382539138492582, 'recall@10': 0.11101496380405648, 'ndcg@10': 0.057169619079268284}
Mon 12 Jan 2026 09:16:06 INFO  [Epoch 24] training [time: 3903.81s, loss: 8.6196, mlm_loss: 4.1248, rec_loss: 7.3340, cl_loss: 0.0964, ]
Mon 12 Jan 2026 09:18:47 INFO  [Epoch 24] Val Result: {'recall@5': 0.06856123762689685, 'ndcg@5': 0.04322472948796646, 'recall@10': 0.10995968848272514, 'ndcg@10': 0.05654456321720797}
Mon 12 Jan 2026 10:23:54 INFO  [Epoch 25] training [time: 3906.89s, loss: 8.6140, mlm_loss: 4.1235, rec_loss: 7.3287, cl_loss: 0.0964, ]
Mon 12 Jan 2026 10:26:35 INFO  [Epoch 25] Val Result: {'recall@5': 0.06832907705620396, 'ndcg@5': 0.042812044760439726, 'recall@10': 0.10949536734133936, 'ndcg@10': 0.05604403516573023}
Mon 12 Jan 2026 11:31:40 INFO  [Epoch 26] training [time: 3905.02s, loss: 8.6098, mlm_loss: 4.1229, rec_loss: 7.3247, cl_loss: 0.0965, ]
Mon 12 Jan 2026 11:34:22 INFO  [Epoch 26] Val Result: {'recall@5': 0.06909942804077583, 'ndcg@5': 0.04333957123934036, 'recall@10': 0.1111838078554695, 'ndcg@10': 0.05685124145479312}
Mon 12 Jan 2026 12:39:32 INFO  [Epoch 27] training [time: 3910.09s, loss: 8.6034, mlm_loss: 4.1194, rec_loss: 7.3192, cl_loss: 0.0967, ]
Mon 12 Jan 2026 12:42:16 INFO  [Epoch 27] Val Result: {'recall@5': 0.06825520778371078, 'ndcg@5': 0.04282436248812367, 'recall@10': 0.10980139718452545, 'ndcg@10': 0.056185565880233025}
Mon 12 Jan 2026 13:47:25 INFO  [Epoch 28] training [time: 3908.74s, loss: 8.5987, mlm_loss: 4.1183, rec_loss: 7.3148, cl_loss: 0.0969, ]
Mon 12 Jan 2026 13:50:06 INFO  [Epoch 28] Val Result: {'recall@5': 0.06927882484540217, 'ndcg@5': 0.04336078292452085, 'recall@10': 0.11046622063696418, 'ndcg@10': 0.056608877988803714}
Mon 12 Jan 2026 14:55:13 INFO  [Epoch 29] training [time: 3906.73s, loss: 8.5924, mlm_loss: 4.1167, rec_loss: 7.3088, cl_loss: 0.0972, ]
Mon 12 Jan 2026 14:57:54 INFO  [Epoch 29] Val Result: {'recall@5': 0.0683607353158439, 'ndcg@5': 0.04286413774372659, 'recall@10': 0.10978029167809882, 'ndcg@10': 0.05614547080962555}
Mon 12 Jan 2026 16:03:16 INFO  [Epoch 30] training [time: 3921.67s, loss: 8.5891, mlm_loss: 4.1159, rec_loss: 7.3056, cl_loss: 0.0975, ]
Mon 12 Jan 2026 16:06:01 INFO  [Epoch 30] Saving current: ./myckpt/Video_Games/Jan-11-2026_07-19-d0ed1b_mlm0.3_cl0.5_maskratio0.5_drop0.2_dpcross0.1/best_model.pth
Mon 12 Jan 2026 16:06:01 INFO  [Epoch 30] Val Result: {'recall@5': 0.07028133640066693, 'ndcg@5': 0.04418541397877768, 'recall@10': 0.11295667039530613, 'ndcg@10': 0.057884997689118374}
Mon 12 Jan 2026 17:11:07 INFO  [Epoch 31] training [time: 3905.55s, loss: 8.5860, mlm_loss: 4.1155, rec_loss: 7.3025, cl_loss: 0.0977, ]
Mon 12 Jan 2026 17:13:49 INFO  [Epoch 31] Val Result: {'recall@5': 0.0685190266140436, 'ndcg@5': 0.04287745490906391, 'recall@10': 0.1106350646883772, 'ndcg@10': 0.05641755236701976}
Mon 12 Jan 2026 18:19:19 INFO  [Epoch 32] training [time: 3930.41s, loss: 8.5829, mlm_loss: 4.1143, rec_loss: 7.3001, cl_loss: 0.0971, ]
Mon 12 Jan 2026 18:22:01 INFO  [Epoch 32] Val Result: {'recall@5': 0.06982756801249446, 'ndcg@5': 0.04388475022045311, 'recall@10': 0.11127878263438931, 'ndcg@10': 0.05720773027039367}
Mon 12 Jan 2026 19:26:56 INFO  [Epoch 33] training [time: 3895.04s, loss: 8.5771, mlm_loss: 4.1126, rec_loss: 7.2946, cl_loss: 0.0974, ]
Mon 12 Jan 2026 19:29:46 INFO  [Epoch 33] Val Result: {'recall@5': 0.06913108630041578, 'ndcg@5': 0.04362641911029776, 'recall@10': 0.11082501424621684, 'ndcg@10': 0.05702584438090895}
Mon 12 Jan 2026 20:34:53 INFO  [Epoch 34] training [time: 3906.94s, loss: 8.5740, mlm_loss: 4.1131, rec_loss: 7.2914, cl_loss: 0.0974, ]
Mon 12 Jan 2026 20:37:33 INFO  [Epoch 34] Val Result: {'recall@5': 0.06881450370401637, 'ndcg@5': 0.04323154175189189, 'recall@10': 0.11098330554441654, 'ndcg@10': 0.056801831161700865}
Mon 12 Jan 2026 21:42:48 INFO  [Epoch 35] training [time: 3915.35s, loss: 8.5708, mlm_loss: 4.1125, rec_loss: 7.2882, cl_loss: 0.0976, ]
Mon 12 Jan 2026 21:45:30 INFO  [Epoch 35] Val Result: {'recall@5': 0.06955319642894832, 'ndcg@5': 0.04379129051892961, 'recall@10': 0.11139486291973576, 'ndcg@10': 0.05722165667405117}
Mon 12 Jan 2026 22:50:24 INFO  [Epoch 36] training [time: 3894.43s, loss: 8.5678, mlm_loss: 4.1125, rec_loss: 7.2850, cl_loss: 0.0981, ]
Mon 12 Jan 2026 22:53:05 INFO  [Epoch 36] Val Result: {'recall@5': 0.07036575842637344, 'ndcg@5': 0.04417831192672063, 'recall@10': 0.11247124374749372, 'ndcg@10': 0.05768114253031025}
Mon 12 Jan 2026 23:58:15 INFO  [Epoch 37] training [time: 3910.29s, loss: 8.5639, mlm_loss: 4.1109, rec_loss: 7.2815, cl_loss: 0.0983, ]
Tue 13 Jan 2026 00:00:54 INFO  [Epoch 37] Val Result: {'recall@5': 0.06919440281969566, 'ndcg@5': 0.04337199715770581, 'recall@10': 0.1114265211793757, 'ndcg@10': 0.056953160400637796}
Tue 13 Jan 2026 01:05:49 INFO  [Epoch 38] training [time: 3894.79s, loss: 8.5617, mlm_loss: 4.1111, rec_loss: 7.2792, cl_loss: 0.0983, ]
Tue 13 Jan 2026 01:08:33 INFO  [Epoch 38] Val Result: {'recall@5': 0.06896224224900277, 'ndcg@5': 0.04314353064497316, 'recall@10': 0.11089888351871004, 'ndcg@10': 0.056635837781268523}
Tue 13 Jan 2026 02:13:38 INFO  [Epoch 39] training [time: 3904.72s, loss: 8.5588, mlm_loss: 4.1110, rec_loss: 7.2765, cl_loss: 0.0980, ]
Tue 13 Jan 2026 02:16:18 INFO  [Epoch 39] Val Result: {'recall@5': 0.06995420105105422, 'ndcg@5': 0.044050349105843836, 'recall@10': 0.11148983769865559, 'ndcg@10': 0.05738707206013793}
