Sun 18 Jan 2026 04:44:47 INFO  {'seed': 2020, 'dataset': 'Baby_Products', 'bidirectional': False, 'n_heads': 2, 'lr': 0.0005, 'tau': 0.07, 'cl_weight': 0.5, 'mlm_weight': 0.3, 'neg_num': 25000, 'text_types': ['title', 'brand', 'features', 'categories', 'description'], 'epochs': 500, 'batch_size': 100, 'num_workers': 8, 'eval_step': 1, 'learner': 'AdamW', 'data_path': './dataset', 'map_path': '.emb_map.json', 'text_index_path': '.code.pq.20_256.pca128.title_brand_features_categories_description.json', 'text_emb_path': '.t5.meta.emb.npy', 'lr_scheduler_type': 'constant', 'gradient_accumulation_steps': 1, 'warmup_steps': 500, 'weight_decay': 0.0001, 'max_his_len': 100, 'n_codes_per_lel': 256, 'code_level': 20, 'early_stop': 100, 'embedding_size': 128, 'hidden_size': 512, 'n_layers': 2, 'n_layers_cross': 2, 'dropout_prob': 0.2, 'dropout_prob_cross': 0.2, 'mask_ratio': 0.5, 'device': 'cuda:1', 'metrics': 'recall@5,ndcg@5,recall@10,ndcg@10', 'valid_metric': 'ndcg@10', 'log_dir': './logs/Baby_Products/分析_长度为100_原模型', 'ckpt_dir': './myckpt/', 'resume': None, 'run_local_time': 'Jan-18-2026_04-44', 'save_file_name': 'Jan-18-2026_04-44-2d375a_mlm0.3_cl0.5_maskratio0.5_drop0.2_dpcross0.2'}
Sun 18 Jan 2026 04:45:57 INFO  MGFSRec(
  (query_code_embedding): Embedding(5121, 128, padding_idx=0)
  (item_text_embedding): ModuleList(
    (0-4): 5 x Embedding(36014, 128, padding_idx=0)
  )
  (qformer): CrossAttTransformer(
    (layer): ModuleList(
      (0-1): 2 x CrossAttTransformerLayer(
        (self_attention): MultiHeadAttention(
          (query): Linear(in_features=128, out_features=128, bias=True)
          (key): Linear(in_features=128, out_features=128, bias=True)
          (value): Linear(in_features=128, out_features=128, bias=True)
          (softmax): Softmax(dim=-1)
          (attn_dropout): Dropout(p=0.2, inplace=False)
          (out_linear): Linear(in_features=128, out_features=128, bias=True)
          (LayerNorm): LayerNorm((128,), eps=1e-12, elementwise_affine=True)
          (out_dropout): Dropout(p=0.2, inplace=False)
        )
        (cross_attention): MultiHeadAttention(
          (query): Linear(in_features=128, out_features=128, bias=True)
          (key): Linear(in_features=128, out_features=128, bias=True)
          (value): Linear(in_features=128, out_features=128, bias=True)
          (softmax): Softmax(dim=-1)
          (attn_dropout): Dropout(p=0.2, inplace=False)
          (out_linear): Linear(in_features=128, out_features=128, bias=True)
          (LayerNorm): LayerNorm((128,), eps=1e-12, elementwise_affine=True)
          (out_dropout): Dropout(p=0.2, inplace=False)
        )
        (feed_forward): FeedForward(
          (linear_1): Linear(in_features=128, out_features=512, bias=True)
          (linear_2): Linear(in_features=512, out_features=128, bias=True)
          (LayerNorm): LayerNorm((128,), eps=1e-12, elementwise_affine=True)
          (dropout): Dropout(p=0.2, inplace=False)
        )
      )
    )
  )
  (position_embedding): Embedding(100, 128)
  (transformer): Transformer(
    (layer): ModuleList(
      (0-1): 2 x TransformerLayer(
        (multi_head_attention): MultiHeadAttention(
          (query): Linear(in_features=128, out_features=128, bias=True)
          (key): Linear(in_features=128, out_features=128, bias=True)
          (value): Linear(in_features=128, out_features=128, bias=True)
          (softmax): Softmax(dim=-1)
          (attn_dropout): Dropout(p=0.2, inplace=False)
          (out_linear): Linear(in_features=128, out_features=128, bias=True)
          (LayerNorm): LayerNorm((128,), eps=1e-12, elementwise_affine=True)
          (out_dropout): Dropout(p=0.2, inplace=False)
        )
        (feed_forward): FeedForward(
          (linear_1): Linear(in_features=128, out_features=512, bias=True)
          (linear_2): Linear(in_features=512, out_features=128, bias=True)
          (LayerNorm): LayerNorm((128,), eps=1e-12, elementwise_affine=True)
          (dropout): Dropout(p=0.2, inplace=False)
        )
      )
    )
  )
  (dropout): Dropout(p=0.2, inplace=False)
  (layer_norm): LayerNorm((128,), eps=1e-12, elementwise_affine=True)
  (loss_fct): CrossEntropyLoss()
)
Sun 18 Jan 2026 05:45:01 INFO  [Epoch 0] training [time: 3543.52s, loss: 10.9135, mlm_loss: 5.9514, rec_loss: 9.0423, cl_loss: 0.1717, ]
Sun 18 Jan 2026 05:48:30 INFO  [Epoch 0] Saving current: ./myckpt/Baby_Products/Jan-18-2026_04-44-2d375a_mlm0.3_cl0.5_maskratio0.5_drop0.2_dpcross0.2/best_model.pth
Sun 18 Jan 2026 05:48:30 INFO  [Epoch 0] Val Result: {'recall@5': 0.021302983876851245, 'ndcg@5': 0.013135697541448799, 'recall@10': 0.03472678193623696, 'ndcg@10': 0.01744816382802725}
Sun 18 Jan 2026 06:47:33 INFO  [Epoch 1] training [time: 3542.67s, loss: 10.1092, mlm_loss: 4.9494, rec_loss: 8.5920, cl_loss: 0.0648, ]
Sun 18 Jan 2026 06:50:58 INFO  [Epoch 1] Saving current: ./myckpt/Baby_Products/Jan-18-2026_04-44-2d375a_mlm0.3_cl0.5_maskratio0.5_drop0.2_dpcross0.2/best_model.pth
Sun 18 Jan 2026 06:50:58 INFO  [Epoch 1] Val Result: {'recall@5': 0.023936011460633917, 'ndcg@5': 0.015118855148382083, 'recall@10': 0.03934287059697434, 'ndcg@10': 0.02004408014778342}
Sun 18 Jan 2026 07:50:07 INFO  [Epoch 2] training [time: 3548.67s, loss: 9.9527, mlm_loss: 4.8446, rec_loss: 8.4678, cl_loss: 0.0630, ]
Sun 18 Jan 2026 07:53:31 INFO  [Epoch 2] Saving current: ./myckpt/Baby_Products/Jan-18-2026_04-44-2d375a_mlm0.3_cl0.5_maskratio0.5_drop0.2_dpcross0.2/best_model.pth
Sun 18 Jan 2026 07:53:31 INFO  [Epoch 2] Val Result: {'recall@5': 0.025229312162995683, 'ndcg@5': 0.015789251549342583, 'recall@10': 0.040675965167101084, 'ndcg@10': 0.020746697215435837}
Sun 18 Jan 2026 08:52:39 INFO  [Epoch 3] training [time: 3547.86s, loss: 9.8565, mlm_loss: 4.7785, rec_loss: 8.3911, cl_loss: 0.0638, ]
Sun 18 Jan 2026 08:56:06 INFO  [Epoch 3] Saving current: ./myckpt/Baby_Products/Jan-18-2026_04-44-2d375a_mlm0.3_cl0.5_maskratio0.5_drop0.2_dpcross0.2/best_model.pth
Sun 18 Jan 2026 08:56:06 INFO  [Epoch 3] Val Result: {'recall@5': 0.026190997300649305, 'ndcg@5': 0.016636131811745378, 'recall@10': 0.04234067530193597, 'ndcg@10': 0.02181140206057907}
