Thu 22 Jan 2026 02:18:16 INFO  {'seed': 2020, 'dataset': 'Baby_Products', 'bidirectional': False, 'n_heads': 2, 'lr': 0.0005, 'tau': 0.07, 'cl_weight': 0.5, 'mlm_weight': 0.3, 'neg_num': 25000, 'text_types': ['title', 'brand', 'features', 'categories', 'description'], 'epochs': 500, 'batch_size': 100, 'num_workers': 8, 'eval_step': 1, 'learner': 'AdamW', 'data_path': './dataset', 'map_path': '.emb_map.json', 'text_index_path': '.code.pq.20_256.pca128.title_brand_features_categories_description.json', 'text_emb_path': '.t5.meta.emb.npy', 'lr_scheduler_type': 'constant', 'gradient_accumulation_steps': 1, 'warmup_steps': 500, 'weight_decay': 0.0001, 'max_his_len': 50, 'n_codes_per_lel': 256, 'code_level': 20, 'early_stop': 100, 'embedding_size': 128, 'hidden_size': 512, 'n_layers': 2, 'n_layers_cross': 2, 'dropout_prob': 0.2, 'dropout_prob_cross': 0.2, 'mask_ratio': 0.5, 'device': 'cuda:0', 'metrics': 'recall@5,ndcg@5,recall@10,ndcg@10', 'valid_metric': 'ndcg@10', 'log_dir': './logs/Baby_Products/分析_时间为12小时', 'ckpt_dir': './myckpt/', 'resume': None, 'run_local_time': 'Jan-22-2026_02-18', 'save_file_name': 'Jan-22-2026_02-18-6563b1_mlm0.3_cl0.5_maskratio0.5_drop0.2_dpcross0.2'}
Thu 22 Jan 2026 02:19:25 INFO  MGFSRec(
  (query_code_embedding): Embedding(5121, 128, padding_idx=0)
  (item_text_embedding): ModuleList(
    (0-4): 5 x Embedding(36014, 128, padding_idx=0)
  )
  (qformer): CrossAttTransformer(
    (layer): ModuleList(
      (0-1): 2 x CrossAttTransformerLayer(
        (self_attention): MultiHeadAttention(
          (query): Linear(in_features=128, out_features=128, bias=True)
          (key): Linear(in_features=128, out_features=128, bias=True)
          (value): Linear(in_features=128, out_features=128, bias=True)
          (softmax): Softmax(dim=-1)
          (attn_dropout): Dropout(p=0.2, inplace=False)
          (out_linear): Linear(in_features=128, out_features=128, bias=True)
          (LayerNorm): LayerNorm((128,), eps=1e-12, elementwise_affine=True)
          (out_dropout): Dropout(p=0.2, inplace=False)
        )
        (cross_attention): MultiHeadAttention(
          (query): Linear(in_features=128, out_features=128, bias=True)
          (key): Linear(in_features=128, out_features=128, bias=True)
          (value): Linear(in_features=128, out_features=128, bias=True)
          (softmax): Softmax(dim=-1)
          (attn_dropout): Dropout(p=0.2, inplace=False)
          (out_linear): Linear(in_features=128, out_features=128, bias=True)
          (LayerNorm): LayerNorm((128,), eps=1e-12, elementwise_affine=True)
          (out_dropout): Dropout(p=0.2, inplace=False)
        )
        (feed_forward): FeedForward(
          (linear_1): Linear(in_features=128, out_features=512, bias=True)
          (linear_2): Linear(in_features=512, out_features=128, bias=True)
          (LayerNorm): LayerNorm((128,), eps=1e-12, elementwise_affine=True)
          (dropout): Dropout(p=0.2, inplace=False)
        )
      )
    )
  )
  (fourier_attention): FrequencyAttention(
    (freq_proj): Linear(in_features=128, out_features=128, bias=True)
    (dropout): Dropout(p=0.1, inplace=False)
    (layer_norm): LayerNorm((128,), eps=1e-05, elementwise_affine=True)
  )
  (intra_position_embedding): Embedding(50, 128)
  (intra_transformer): Transformer(
    (layer): ModuleList(
      (0-1): 2 x TransformerLayer(
        (multi_head_attention): MultiHeadAttention(
          (query): Linear(in_features=128, out_features=128, bias=True)
          (key): Linear(in_features=128, out_features=128, bias=True)
          (value): Linear(in_features=128, out_features=128, bias=True)
          (softmax): Softmax(dim=-1)
          (attn_dropout): Dropout(p=0.2, inplace=False)
          (out_linear): Linear(in_features=128, out_features=128, bias=True)
          (LayerNorm): LayerNorm((128,), eps=1e-12, elementwise_affine=True)
          (out_dropout): Dropout(p=0.2, inplace=False)
        )
        (feed_forward): FeedForward(
          (linear_1): Linear(in_features=128, out_features=512, bias=True)
          (linear_2): Linear(in_features=512, out_features=128, bias=True)
          (LayerNorm): LayerNorm((128,), eps=1e-12, elementwise_affine=True)
          (dropout): Dropout(p=0.2, inplace=False)
        )
      )
    )
  )
  (intra_layer_norm): LayerNorm((128,), eps=1e-12, elementwise_affine=True)
  (intra_dropout): Dropout(p=0.2, inplace=False)
  (inter_lstm): LSTM(128, 64, batch_first=True, bidirectional=True)
  (inter_layer_norm): LayerNorm((128,), eps=1e-12, elementwise_affine=True)
  (inter_dropout): Dropout(p=0.2, inplace=False)
  (session_position_embedding): Embedding(50, 128)
  (session_attention_w): Linear(in_features=256, out_features=128, bias=True)
  (session_attention_v): Linear(in_features=128, out_features=1, bias=False)
  (residual_gate): Sequential(
    (0): Linear(in_features=256, out_features=128, bias=True)
    (1): Sigmoid()
  )
  (loss_fct): CrossEntropyLoss()
)
Thu 22 Jan 2026 03:41:15 INFO  [Epoch 0] training [time: 4910.70s, loss: 10.7083, mlm_loss: 5.5423, rec_loss: 8.9338, cl_loss: 0.2236, ]
Thu 22 Jan 2026 03:45:59 INFO  [Epoch 0] Saving current: ./myckpt/Baby_Products/Jan-22-2026_02-18-6563b1_mlm0.3_cl0.5_maskratio0.5_drop0.2_dpcross0.2/best_model.pth
Thu 22 Jan 2026 03:45:59 INFO  [Epoch 0] Val Result: {'recall@5': 0.02371714518792654, 'ndcg@5': 0.015356419097556789, 'recall@10': 0.03852046399649814, 'ndcg@10': 0.020113798480672167}
Thu 22 Jan 2026 05:08:15 INFO  [Epoch 1] training [time: 4936.35s, loss: 10.0013, mlm_loss: 4.7349, rec_loss: 8.5336, cl_loss: 0.0945, ]
Thu 22 Jan 2026 05:12:53 INFO  [Epoch 1] Saving current: ./myckpt/Baby_Products/Jan-22-2026_02-18-6563b1_mlm0.3_cl0.5_maskratio0.5_drop0.2_dpcross0.2/best_model.pth
Thu 22 Jan 2026 05:12:53 INFO  [Epoch 1] Val Result: {'recall@5': 0.025481339992173873, 'ndcg@5': 0.016347581085964288, 'recall@10': 0.041478474833694795, 'ndcg@10': 0.021467600172132433}
Thu 22 Jan 2026 06:35:14 INFO  [Epoch 2] training [time: 4940.68s, loss: 9.8444, mlm_loss: 4.6046, rec_loss: 8.4206, cl_loss: 0.0849, ]
Thu 22 Jan 2026 06:39:56 INFO  [Epoch 2] Saving current: ./myckpt/Baby_Products/Jan-22-2026_02-18-6563b1_mlm0.3_cl0.5_maskratio0.5_drop0.2_dpcross0.2/best_model.pth
Thu 22 Jan 2026 06:39:56 INFO  [Epoch 2] Val Result: {'recall@5': 0.026177732678060978, 'ndcg@5': 0.016839717221111272, 'recall@10': 0.04293095100711647, 'ndcg@10': 0.022225684035971343}
Thu 22 Jan 2026 08:04:09 INFO  [Epoch 3] training [time: 5053.16s, loss: 9.7465, mlm_loss: 4.5185, rec_loss: 8.3507, cl_loss: 0.0806, ]
Thu 22 Jan 2026 08:08:52 INFO  [Epoch 3] Saving current: ./myckpt/Baby_Products/Jan-22-2026_02-18-6563b1_mlm0.3_cl0.5_maskratio0.5_drop0.2_dpcross0.2/best_model.pth
Thu 22 Jan 2026 08:08:52 INFO  [Epoch 3] Val Result: {'recall@5': 0.027318490220656997, 'ndcg@5': 0.01766345567983827, 'recall@10': 0.0444099564257148, 'ndcg@10': 0.0231532761621979}
Thu 22 Jan 2026 09:33:04 INFO  [Epoch 4] training [time: 5052.12s, loss: 9.6755, mlm_loss: 4.4563, rec_loss: 8.2992, cl_loss: 0.0789, ]
Thu 22 Jan 2026 09:37:46 INFO  [Epoch 4] Saving current: ./myckpt/Baby_Products/Jan-22-2026_02-18-6563b1_mlm0.3_cl0.5_maskratio0.5_drop0.2_dpcross0.2/best_model.pth
Thu 22 Jan 2026 09:37:46 INFO  [Epoch 4] Val Result: {'recall@5': 0.028797495639255325, 'ndcg@5': 0.018508835066395585, 'recall@10': 0.045471126232780865, 'ndcg@10': 0.02385846942168454}
Thu 22 Jan 2026 11:01:45 INFO  [Epoch 5] training [time: 5039.18s, loss: 9.6231, mlm_loss: 4.4134, rec_loss: 8.2603, cl_loss: 0.0775, ]
Thu 22 Jan 2026 11:06:31 INFO  [Epoch 5] Saving current: ./myckpt/Baby_Products/Jan-22-2026_02-18-6563b1_mlm0.3_cl0.5_maskratio0.5_drop0.2_dpcross0.2/best_model.pth
Thu 22 Jan 2026 11:06:31 INFO  [Epoch 5] Val Result: {'recall@5': 0.02855873243266546, 'ndcg@5': 0.01821513463818061, 'recall@10': 0.046286900521962895, 'ndcg@10': 0.023903402190846728}
Thu 22 Jan 2026 12:30:45 INFO  [Epoch 6] training [time: 5054.71s, loss: 9.5821, mlm_loss: 4.3817, rec_loss: 8.2292, cl_loss: 0.0767, ]
Thu 22 Jan 2026 12:35:27 INFO  [Epoch 6] Saving current: ./myckpt/Baby_Products/Jan-22-2026_02-18-6563b1_mlm0.3_cl0.5_maskratio0.5_drop0.2_dpcross0.2/best_model.pth
Thu 22 Jan 2026 12:35:27 INFO  [Epoch 6] Val Result: {'recall@5': 0.02876433408278451, 'ndcg@5': 0.01826159078796699, 'recall@10': 0.04635322363490453, 'ndcg@10': 0.023911774911951143}
Thu 22 Jan 2026 13:59:28 INFO  [Epoch 7] training [time: 5041.04s, loss: 9.5472, mlm_loss: 4.3560, rec_loss: 8.2025, cl_loss: 0.0758, ]
Thu 22 Jan 2026 14:05:07 INFO  [Epoch 7] Saving current: ./myckpt/Baby_Products/Jan-22-2026_02-18-6563b1_mlm0.3_cl0.5_maskratio0.5_drop0.2_dpcross0.2/best_model.pth
Thu 22 Jan 2026 14:05:07 INFO  [Epoch 7] Val Result: {'recall@5': 0.029328080542788355, 'ndcg@5': 0.018754473425660376, 'recall@10': 0.047056248632085795, 'ndcg@10': 0.02445652225415916}
Thu 22 Jan 2026 15:29:24 INFO  [Epoch 8] training [time: 5056.82s, loss: 9.5190, mlm_loss: 4.3344, rec_loss: 8.1812, cl_loss: 0.0749, ]
Thu 22 Jan 2026 15:34:07 INFO  [Epoch 8] Val Result: {'recall@5': 0.029467359079965776, 'ndcg@5': 0.018807587566306915, 'recall@10': 0.04682411773679009, 'ndcg@10': 0.02438176902805512}
Thu 22 Jan 2026 16:58:04 INFO  [Epoch 9] training [time: 5037.76s, loss: 9.4932, mlm_loss: 4.3158, rec_loss: 8.1614, cl_loss: 0.0743, ]
Thu 22 Jan 2026 17:02:48 INFO  [Epoch 9] Saving current: ./myckpt/Baby_Products/Jan-22-2026_02-18-6563b1_mlm0.3_cl0.5_maskratio0.5_drop0.2_dpcross0.2/best_model.pth
Thu 22 Jan 2026 17:02:48 INFO  [Epoch 9] Val Result: {'recall@5': 0.030051002473852114, 'ndcg@5': 0.019288510752830182, 'recall@10': 0.047905184477738644, 'ndcg@10': 0.02500938729500405}
Thu 22 Jan 2026 18:26:37 INFO  [Epoch 10] training [time: 5029.33s, loss: 9.4712, mlm_loss: 4.3000, rec_loss: 8.1441, cl_loss: 0.0742, ]
Thu 22 Jan 2026 18:31:20 INFO  [Epoch 10] Saving current: ./myckpt/Baby_Products/Jan-22-2026_02-18-6563b1_mlm0.3_cl0.5_maskratio0.5_drop0.2_dpcross0.2/best_model.pth
Thu 22 Jan 2026 18:31:20 INFO  [Epoch 10] Val Result: {'recall@5': 0.030004576294792973, 'ndcg@5': 0.01944540784773855, 'recall@10': 0.04797150759068028, 'ndcg@10': 0.02521874939724819}
Thu 22 Jan 2026 19:53:46 INFO  [Epoch 11] training [time: 4946.16s, loss: 9.4515, mlm_loss: 4.2864, rec_loss: 8.1286, cl_loss: 0.0740, ]
Thu 22 Jan 2026 19:58:27 INFO  [Epoch 11] Saving current: ./myckpt/Baby_Products/Jan-22-2026_02-18-6563b1_mlm0.3_cl0.5_maskratio0.5_drop0.2_dpcross0.2/best_model.pth
Thu 22 Jan 2026 19:58:27 INFO  [Epoch 11] Val Result: {'recall@5': 0.03049536733056103, 'ndcg@5': 0.019612406733708444, 'recall@10': 0.048449034003860005, 'ndcg@10': 0.025387835980601764}
Thu 22 Jan 2026 21:22:27 INFO  [Epoch 12] training [time: 5040.49s, loss: 9.4349, mlm_loss: 4.2743, rec_loss: 8.1158, cl_loss: 0.0736, ]
Thu 22 Jan 2026 21:27:11 INFO  [Epoch 12] Saving current: ./myckpt/Baby_Products/Jan-22-2026_02-18-6563b1_mlm0.3_cl0.5_maskratio0.5_drop0.2_dpcross0.2/best_model.pth
Thu 22 Jan 2026 21:27:11 INFO  [Epoch 12] Val Result: {'recall@5': 0.030813718272680847, 'ndcg@5': 0.019698962103850335, 'recall@10': 0.048853604992803945, 'ndcg@10': 0.025494674262621808}
Thu 22 Jan 2026 22:51:27 INFO  [Epoch 13] training [time: 5055.53s, loss: 9.4189, mlm_loss: 4.2631, rec_loss: 8.1033, cl_loss: 0.0733, ]
Thu 22 Jan 2026 22:56:11 INFO  [Epoch 13] Saving current: ./myckpt/Baby_Products/Jan-22-2026_02-18-6563b1_mlm0.3_cl0.5_maskratio0.5_drop0.2_dpcross0.2/best_model.pth
Thu 22 Jan 2026 22:56:11 INFO  [Epoch 13] Val Result: {'recall@5': 0.03011069327549958, 'ndcg@5': 0.01955063018062306, 'recall@10': 0.048628106408802406, 'ndcg@10': 0.025501951747736083}
Fri 23 Jan 2026 00:19:59 INFO  [Epoch 14] training [time: 5028.16s, loss: 9.4045, mlm_loss: 4.2529, rec_loss: 8.0920, cl_loss: 0.0732, ]
Fri 23 Jan 2026 00:24:43 INFO  [Epoch 14] Saving current: ./myckpt/Baby_Products/Jan-22-2026_02-18-6563b1_mlm0.3_cl0.5_maskratio0.5_drop0.2_dpcross0.2/best_model.pth
Fri 23 Jan 2026 00:24:43 INFO  [Epoch 14] Val Result: {'recall@5': 0.030515264264443516, 'ndcg@5': 0.019655238730984747, 'recall@10': 0.04917858824621792, 'ndcg@10': 0.025644601778553745}
Fri 23 Jan 2026 01:48:49 INFO  [Epoch 15] training [time: 5045.42s, loss: 9.3912, mlm_loss: 4.2444, rec_loss: 8.0814, cl_loss: 0.0729, ]
Fri 23 Jan 2026 01:53:31 INFO  [Epoch 15] Val Result: {'recall@5': 0.03013722252067623, 'ndcg@5': 0.019501645407641623, 'recall@10': 0.04877401725727399, 'ndcg@10': 0.025470321561632432}
Fri 23 Jan 2026 03:17:50 INFO  [Epoch 16] training [time: 5058.93s, loss: 9.3804, mlm_loss: 4.2357, rec_loss: 8.0734, cl_loss: 0.0725, ]
Fri 23 Jan 2026 03:22:33 INFO  [Epoch 16] Saving current: ./myckpt/Baby_Products/Jan-22-2026_02-18-6563b1_mlm0.3_cl0.5_maskratio0.5_drop0.2_dpcross0.2/best_model.pth
Fri 23 Jan 2026 03:22:33 INFO  [Epoch 16] Val Result: {'recall@5': 0.031364200110096364, 'ndcg@5': 0.020144487202206646, 'recall@10': 0.04997446560151747, 'ndcg@10': 0.026125385877096643}
Fri 23 Jan 2026 04:46:19 INFO  [Epoch 17] training [time: 5026.38s, loss: 9.3687, mlm_loss: 4.2280, rec_loss: 8.0642, cl_loss: 0.0723, ]
Fri 23 Jan 2026 04:51:00 INFO  [Epoch 17] Val Result: {'recall@5': 0.03125808312938976, 'ndcg@5': 0.020153729192600722, 'recall@10': 0.04976223164010426, 'ndcg@10': 0.02611534296309977}
Fri 23 Jan 2026 06:15:04 INFO  [Epoch 18] training [time: 5044.82s, loss: 9.3590, mlm_loss: 4.2205, rec_loss: 8.0567, cl_loss: 0.0725, ]
Fri 23 Jan 2026 06:19:46 INFO  [Epoch 18] Val Result: {'recall@5': 0.03129124468586057, 'ndcg@5': 0.020140827954678437, 'recall@10': 0.049410719141513626, 'ndcg@10': 0.02594484226204928}
Fri 23 Jan 2026 07:43:32 INFO  [Epoch 19] training [time: 5026.57s, loss: 9.3486, mlm_loss: 4.2139, rec_loss: 8.0481, cl_loss: 0.0728, ]
Fri 23 Jan 2026 07:48:13 INFO  [Epoch 19] Val Result: {'recall@5': 0.03077392440491587, 'ndcg@5': 0.019667189279230647, 'recall@10': 0.04948367456574942, 'ndcg@10': 0.025681464701950835}
Fri 23 Jan 2026 09:11:57 INFO  [Epoch 20] training [time: 5024.15s, loss: 9.3391, mlm_loss: 4.2087, rec_loss: 8.0402, cl_loss: 0.0725, ]
Fri 23 Jan 2026 09:16:39 INFO  [Epoch 20] Val Result: {'recall@5': 0.031105539969624015, 'ndcg@5': 0.020062498528555867, 'recall@10': 0.049443880697984444, 'ndcg@10': 0.02595232440076709}
Fri 23 Jan 2026 10:40:15 INFO  [Epoch 21] training [time: 5016.07s, loss: 9.3303, mlm_loss: 4.2038, rec_loss: 8.0329, cl_loss: 0.0725, ]
Fri 23 Jan 2026 10:44:56 INFO  [Epoch 21] Val Result: {'recall@5': 0.030787189027504196, 'ndcg@5': 0.019985266691149934, 'recall@10': 0.04983518706434005, 'ndcg@10': 0.02609892723249251}
Fri 23 Jan 2026 12:08:56 INFO  [Epoch 22] training [time: 5040.13s, loss: 9.3231, mlm_loss: 4.1987, rec_loss: 8.0273, cl_loss: 0.0724, ]
Fri 23 Jan 2026 12:13:38 INFO  [Epoch 22] Val Result: {'recall@5': 0.03139072935527302, 'ndcg@5': 0.020212604199627088, 'recall@10': 0.04953673305610272, 'ndcg@10': 0.026032586225942164}
Fri 23 Jan 2026 13:37:19 INFO  [Epoch 23] training [time: 5021.22s, loss: 9.3161, mlm_loss: 4.1944, rec_loss: 8.0217, cl_loss: 0.0722, ]
Fri 23 Jan 2026 13:42:00 INFO  [Epoch 23] Val Result: {'recall@5': 0.031205024639036457, 'ndcg@5': 0.019944408965251355, 'recall@10': 0.04992140711116417, 'ndcg@10': 0.025944168570883254}
Fri 23 Jan 2026 15:05:58 INFO  [Epoch 24] training [time: 5037.66s, loss: 9.3075, mlm_loss: 4.1897, rec_loss: 8.0146, cl_loss: 0.0719, ]
Fri 23 Jan 2026 15:10:40 INFO  [Epoch 24] Val Result: {'recall@5': 0.03137083242139053, 'ndcg@5': 0.020160367507567462, 'recall@10': 0.049722437772339284, 'ndcg@10': 0.026055916174406685}
Fri 23 Jan 2026 16:34:33 INFO  [Epoch 25] training [time: 5033.32s, loss: 9.3021, mlm_loss: 4.1860, rec_loss: 8.0102, cl_loss: 0.0722, ]
Fri 23 Jan 2026 16:39:16 INFO  [Epoch 25] Val Result: {'recall@5': 0.03179530034421696, 'ndcg@5': 0.020174944667705093, 'recall@10': 0.05032597810010811, 'ndcg@10': 0.026111191232574597}
Fri 23 Jan 2026 18:03:41 INFO  [Epoch 26] training [time: 5064.96s, loss: 9.2953, mlm_loss: 4.1825, rec_loss: 8.0044, cl_loss: 0.0723, ]
Fri 23 Jan 2026 18:08:26 INFO  [Epoch 26] Saving current: ./myckpt/Baby_Products/Jan-22-2026_02-18-6563b1_mlm0.3_cl0.5_maskratio0.5_drop0.2_dpcross0.2/best_model.pth
Fri 23 Jan 2026 18:08:26 INFO  [Epoch 26] Val Result: {'recall@5': 0.03164275718445121, 'ndcg@5': 0.020427025860665547, 'recall@10': 0.050073950270929916, 'ndcg@10': 0.026346943979440346}
Fri 23 Jan 2026 19:32:59 INFO  [Epoch 27] training [time: 5073.11s, loss: 9.2887, mlm_loss: 4.1790, rec_loss: 7.9987, cl_loss: 0.0725, ]
Fri 23 Jan 2026 19:37:46 INFO  [Epoch 27] Val Result: {'recall@5': 0.03145705246821465, 'ndcg@5': 0.020133961005810396, 'recall@10': 0.04966274697069182, 'ndcg@10': 0.025990952183710617}
Fri 23 Jan 2026 21:01:36 INFO  [Epoch 28] training [time: 5030.05s, loss: 9.2838, mlm_loss: 4.1759, rec_loss: 7.9949, cl_loss: 0.0723, ]
Fri 23 Jan 2026 21:06:19 INFO  [Epoch 28] Val Result: {'recall@5': 0.03075402747103338, 'ndcg@5': 0.019726277516846257, 'recall@10': 0.0489862512186872, 'ndcg@10': 0.025572561701310382}
Fri 23 Jan 2026 22:30:09 INFO  [Epoch 29] training [time: 5030.11s, loss: 9.2782, mlm_loss: 4.1734, rec_loss: 7.9900, cl_loss: 0.0723, ]
Fri 23 Jan 2026 22:34:50 INFO  [Epoch 29] Val Result: {'recall@5': 0.031430523223038, 'ndcg@5': 0.019975902802918392, 'recall@10': 0.049881613243399195, 'ndcg@10': 0.02590329573697409}
Fri 23 Jan 2026 23:58:44 INFO  [Epoch 30] training [time: 5033.99s, loss: 9.2731, mlm_loss: 4.1711, rec_loss: 7.9858, cl_loss: 0.0720, ]
Sat 24 Jan 2026 00:03:26 INFO  [Epoch 30] Val Result: {'recall@5': 0.031768771099040305, 'ndcg@5': 0.02041456614409903, 'recall@10': 0.050073950270929916, 'ndcg@10': 0.02629964427531113}
Sat 24 Jan 2026 01:27:27 INFO  [Epoch 31] training [time: 5040.59s, loss: 9.2666, mlm_loss: 4.1688, rec_loss: 7.9799, cl_loss: 0.0722, ]
Sat 24 Jan 2026 01:32:09 INFO  [Epoch 31] Val Result: {'recall@5': 0.031768771099040305, 'ndcg@5': 0.0203738023847488, 'recall@10': 0.050259654987166474, 'ndcg@10': 0.026310201150644235}
Sat 24 Jan 2026 02:56:04 INFO  [Epoch 32] training [time: 5034.71s, loss: 9.2639, mlm_loss: 4.1664, rec_loss: 7.9778, cl_loss: 0.0723, ]
Sat 24 Jan 2026 03:00:55 INFO  [Epoch 32] Saving current: ./myckpt/Baby_Products/Jan-22-2026_02-18-6563b1_mlm0.3_cl0.5_maskratio0.5_drop0.2_dpcross0.2/best_model.pth
Sat 24 Jan 2026 03:00:55 INFO  [Epoch 32] Val Result: {'recall@5': 0.03186825576845275, 'ndcg@5': 0.020524827685869704, 'recall@10': 0.050073950270929916, 'ndcg@10': 0.026361812607465018}
Sat 24 Jan 2026 04:24:58 INFO  [Epoch 33] training [time: 5042.14s, loss: 9.2587, mlm_loss: 4.1648, rec_loss: 7.9730, cl_loss: 0.0727, ]
Sat 24 Jan 2026 04:29:40 INFO  [Epoch 33] Val Result: {'recall@5': 0.03145705246821465, 'ndcg@5': 0.020166342816181782, 'recall@10': 0.04978876088528091, 'ndcg@10': 0.02605774810612769}
Sat 24 Jan 2026 05:53:34 INFO  [Epoch 34] training [time: 5034.78s, loss: 9.2537, mlm_loss: 4.1632, rec_loss: 7.9685, cl_loss: 0.0725, ]
Sat 24 Jan 2026 05:58:15 INFO  [Epoch 34] Val Result: {'recall@5': 0.03160296331668623, 'ndcg@5': 0.020351989193774848, 'recall@10': 0.04974896701751593, 'ndcg@10': 0.02617481951997336}
Sat 24 Jan 2026 07:21:25 INFO  [Epoch 35] training [time: 4990.05s, loss: 9.2500, mlm_loss: 4.1614, rec_loss: 7.9655, cl_loss: 0.0723, ]
Sat 24 Jan 2026 07:26:07 INFO  [Epoch 35] Val Result: {'recall@5': 0.03155653713762709, 'ndcg@5': 0.020292582580259996, 'recall@10': 0.050365771967873084, 'ndcg@10': 0.02633501147403516}
Sat 24 Jan 2026 08:49:55 INFO  [Epoch 36] training [time: 5028.05s, loss: 9.2466, mlm_loss: 4.1594, rec_loss: 7.9624, cl_loss: 0.0727, ]
Sat 24 Jan 2026 08:54:36 INFO  [Epoch 36] Val Result: {'recall@5': 0.03155653713762709, 'ndcg@5': 0.020242650489059443, 'recall@10': 0.05037240427916725, 'ndcg@10': 0.026281664916110194}
Sat 24 Jan 2026 10:18:13 INFO  [Epoch 37] training [time: 5016.52s, loss: 9.2437, mlm_loss: 4.1590, rec_loss: 7.9596, cl_loss: 0.0728, ]
Sat 24 Jan 2026 10:22:59 INFO  [Epoch 37] Saving current: ./myckpt/Baby_Products/Jan-22-2026_02-18-6563b1_mlm0.3_cl0.5_maskratio0.5_drop0.2_dpcross0.2/best_model.pth
Sat 24 Jan 2026 10:22:59 INFO  [Epoch 37] Val Result: {'recall@5': 0.03227945906869085, 'ndcg@5': 0.020669066912774786, 'recall@10': 0.05053157975022716, 'ndcg@10': 0.02652584923426348}
Sat 24 Jan 2026 11:46:39 INFO  [Epoch 38] training [time: 5020.15s, loss: 9.2400, mlm_loss: 4.1583, rec_loss: 7.9563, cl_loss: 0.0724, ]
Sat 24 Jan 2026 11:51:21 INFO  [Epoch 38] Val Result: {'recall@5': 0.031788668032922796, 'ndcg@5': 0.02030591900182298, 'recall@10': 0.05010047951610657, 'ndcg@10': 0.026187539026920434}
Sat 24 Jan 2026 13:15:24 INFO  [Epoch 39] training [time: 5042.50s, loss: 9.2369, mlm_loss: 4.1579, rec_loss: 7.9533, cl_loss: 0.0725, ]
Sat 24 Jan 2026 13:20:06 INFO  [Epoch 39] Val Result: {'recall@5': 0.03158306638280374, 'ndcg@5': 0.020454045091229146, 'recall@10': 0.0502729196097548, 'ndcg@10': 0.026466786405619686}
Sat 24 Jan 2026 14:43:57 INFO  [Epoch 40] training [time: 5030.79s, loss: 9.2333, mlm_loss: 4.1570, rec_loss: 7.9498, cl_loss: 0.0728, ]
Sat 24 Jan 2026 14:48:39 INFO  [Epoch 40] Val Result: {'recall@5': 0.03149684633597963, 'ndcg@5': 0.02047608153466008, 'recall@10': 0.05008721489351824, 'ndcg@10': 0.026439249285854526}
Sat 24 Jan 2026 16:11:34 INFO  [Epoch 41] training [time: 4974.94s, loss: 9.2301, mlm_loss: 4.1566, rec_loss: 7.9465, cl_loss: 0.0732, ]
Sat 24 Jan 2026 16:16:16 INFO  [Epoch 41] Val Result: {'recall@5': 0.03146368477950881, 'ndcg@5': 0.020428777713901884, 'recall@10': 0.050180067251636526, 'ndcg@10': 0.02643631028058669}
Sat 24 Jan 2026 17:39:43 INFO  [Epoch 42] training [time: 5006.14s, loss: 9.2278, mlm_loss: 4.1557, rec_loss: 7.9445, cl_loss: 0.0732, ]
Sat 24 Jan 2026 17:44:24 INFO  [Epoch 42] Val Result: {'recall@5': 0.031662654118333695, 'ndcg@5': 0.020453948153679197, 'recall@10': 0.05023975805328399, 'ndcg@10': 0.02639467506367199}
Sat 24 Jan 2026 19:07:02 INFO  [Epoch 43] training [time: 4958.09s, loss: 9.2235, mlm_loss: 4.1535, rec_loss: 7.9408, cl_loss: 0.0733, ]
Sat 24 Jan 2026 19:11:43 INFO  [Epoch 43] Val Result: {'recall@5': 0.03196774043786519, 'ndcg@5': 0.020553159817080866, 'recall@10': 0.050505050505050504, 'ndcg@10': 0.026508633515965375}
Sat 24 Jan 2026 20:34:52 INFO  [Epoch 44] training [time: 4988.51s, loss: 9.2215, mlm_loss: 4.1527, rec_loss: 7.9391, cl_loss: 0.0731, ]
Sat 24 Jan 2026 20:39:34 INFO  [Epoch 44] Val Result: {'recall@5': 0.03154990482633293, 'ndcg@5': 0.020431159118838565, 'recall@10': 0.0503989335243439, 'ndcg@10': 0.02648466250833314}
Sat 24 Jan 2026 22:02:49 INFO  [Epoch 45] training [time: 4995.12s, loss: 9.2179, mlm_loss: 4.1518, rec_loss: 7.9357, cl_loss: 0.0732, ]
Sat 24 Jan 2026 22:07:33 INFO  [Epoch 45] Val Result: {'recall@5': 0.03132440624233139, 'ndcg@5': 0.020403343329559953, 'recall@10': 0.050120376449989054, 'ndcg@10': 0.02642434991544469}
Sat 24 Jan 2026 23:30:02 INFO  [Epoch 46] training [time: 4948.64s, loss: 9.2151, mlm_loss: 4.1502, rec_loss: 7.9335, cl_loss: 0.0729, ]
Sat 24 Jan 2026 23:34:44 INFO  [Epoch 46] Val Result: {'recall@5': 0.03134430317621388, 'ndcg@5': 0.02011743175511184, 'recall@10': 0.05021322880810734, 'ndcg@10': 0.026177516087083325}
Sun 25 Jan 2026 00:58:05 INFO  [Epoch 47] training [time: 5000.78s, loss: 9.2130, mlm_loss: 4.1479, rec_loss: 7.9323, cl_loss: 0.0727, ]
Sun 25 Jan 2026 01:02:52 INFO  [Epoch 47] Val Result: {'recall@5': 0.03118512770515397, 'ndcg@5': 0.020146269803757895, 'recall@10': 0.0506310644196396, 'ndcg@10': 0.026385748908082318}
Sun 25 Jan 2026 02:24:39 INFO  [Epoch 48] training [time: 4907.23s, loss: 9.2100, mlm_loss: 4.1481, rec_loss: 7.9291, cl_loss: 0.0730, ]
Sun 25 Jan 2026 02:29:22 INFO  [Epoch 48] Val Result: {'recall@5': 0.03158306638280374, 'ndcg@5': 0.02047879101537841, 'recall@10': 0.050246390364578154, 'ndcg@10': 0.026461580049776792}
Sun 25 Jan 2026 03:52:57 INFO  [Epoch 49] training [time: 5014.58s, loss: 9.2073, mlm_loss: 4.1454, rec_loss: 7.9272, cl_loss: 0.0730, ]
Sun 25 Jan 2026 03:57:39 INFO  [Epoch 49] Val Result: {'recall@5': 0.03151674326986211, 'ndcg@5': 0.02036223656174039, 'recall@10': 0.05039230121304974, 'ndcg@10': 0.026415684764450387}
Sun 25 Jan 2026 05:21:01 INFO  [Epoch 50] training [time: 5002.72s, loss: 9.2047, mlm_loss: 4.1462, rec_loss: 7.9241, cl_loss: 0.0736, ]
Sun 25 Jan 2026 05:25:44 INFO  [Epoch 50] Val Result: {'recall@5': 0.03200090199433601, 'ndcg@5': 0.020517809037632444, 'recall@10': 0.05041219814693222, 'ndcg@10': 0.026435609067679503}
Sun 25 Jan 2026 06:48:45 INFO  [Epoch 51] training [time: 4981.53s, loss: 9.2027, mlm_loss: 4.1452, rec_loss: 7.9225, cl_loss: 0.0732, ]
Sun 25 Jan 2026 06:53:28 INFO  [Epoch 51] Val Result: {'recall@5': 0.031032584545388223, 'ndcg@5': 0.019947621573457967, 'recall@10': 0.05015353800645987, 'ndcg@10': 0.026093254459640582}
Sun 25 Jan 2026 08:16:46 INFO  [Epoch 52] training [time: 4997.39s, loss: 9.1994, mlm_loss: 4.1447, rec_loss: 7.9192, cl_loss: 0.0735, ]
Sun 25 Jan 2026 08:21:27 INFO  [Epoch 52] Val Result: {'recall@5': 0.031543272515038766, 'ndcg@5': 0.020206471904086913, 'recall@10': 0.050120376449989054, 'ndcg@10': 0.026177641720464613}
Sun 25 Jan 2026 09:44:07 INFO  [Epoch 53] training [time: 4959.10s, loss: 9.1977, mlm_loss: 4.1433, rec_loss: 7.9179, cl_loss: 0.0736, ]
Sun 25 Jan 2026 09:48:49 INFO  [Epoch 53] Val Result: {'recall@5': 0.03154990482633293, 'ndcg@5': 0.0203303785203114, 'recall@10': 0.05060453517446295, 'ndcg@10': 0.02644536025347338}
Sun 25 Jan 2026 11:12:25 INFO  [Epoch 54] training [time: 5015.77s, loss: 9.1935, mlm_loss: 4.1418, rec_loss: 7.9141, cl_loss: 0.0737, ]
Sun 25 Jan 2026 11:17:06 INFO  [Epoch 54] Val Result: {'recall@5': 0.031649389495745375, 'ndcg@5': 0.020252377492944108, 'recall@10': 0.05051831512763883, 'ndcg@10': 0.026310189195876185}
Sun 25 Jan 2026 12:40:54 INFO  [Epoch 55] training [time: 5028.24s, loss: 9.1923, mlm_loss: 4.1414, rec_loss: 7.9131, cl_loss: 0.0736, ]
Sun 25 Jan 2026 12:45:35 INFO  [Epoch 55] Saving current: ./myckpt/Baby_Products/Jan-22-2026_02-18-6563b1_mlm0.3_cl0.5_maskratio0.5_drop0.2_dpcross0.2/best_model.pth
Sun 25 Jan 2026 12:45:35 INFO  [Epoch 55] Val Result: {'recall@5': 0.031994269683041844, 'ndcg@5': 0.020559289776102517, 'recall@10': 0.05059790286316879, 'ndcg@10': 0.026540484295626835}
Sun 25 Jan 2026 14:09:52 INFO  [Epoch 56] training [time: 5056.39s, loss: 9.1906, mlm_loss: 4.1396, rec_loss: 7.9120, cl_loss: 0.0734, ]
Sun 25 Jan 2026 14:14:34 INFO  [Epoch 56] Val Result: {'recall@5': 0.03125808312938976, 'ndcg@5': 0.020129905882745845, 'recall@10': 0.04974896701751593, 'ndcg@10': 0.02606451928086241}
Sun 25 Jan 2026 15:38:34 INFO  [Epoch 57] training [time: 5040.04s, loss: 9.1875, mlm_loss: 4.1384, rec_loss: 7.9092, cl_loss: 0.0736, ]
Sun 25 Jan 2026 15:43:16 INFO  [Epoch 57] Val Result: {'recall@5': 0.031854991145864424, 'ndcg@5': 0.020458987899207588, 'recall@10': 0.05046525663728553, 'ndcg@10': 0.026432994778793198}
Sun 25 Jan 2026 17:07:33 INFO  [Epoch 58] training [time: 5056.16s, loss: 9.1862, mlm_loss: 4.1385, rec_loss: 7.9076, cl_loss: 0.0741, ]
Sun 25 Jan 2026 17:12:15 INFO  [Epoch 58] Val Result: {'recall@5': 0.031543272515038766, 'ndcg@5': 0.020463507079241317, 'recall@10': 0.05006731795963575, 'ndcg@10': 0.026412733338336276}
Sun 25 Jan 2026 18:36:06 INFO  [Epoch 59] training [time: 5030.86s, loss: 9.1840, mlm_loss: 4.1370, rec_loss: 7.9060, cl_loss: 0.0738, ]
Sun 25 Jan 2026 18:40:46 INFO  [Epoch 59] Val Result: {'recall@5': 0.031364200110096364, 'ndcg@5': 0.020278172807036244, 'recall@10': 0.05034587503399059, 'ndcg@10': 0.026375194222012316}
Sun 25 Jan 2026 20:04:31 INFO  [Epoch 60] training [time: 5024.87s, loss: 9.1809, mlm_loss: 4.1358, rec_loss: 7.9034, cl_loss: 0.0733, ]
Sun 25 Jan 2026 20:09:12 INFO  [Epoch 60] Val Result: {'recall@5': 0.03166928642962786, 'ndcg@5': 0.020316311556910414, 'recall@10': 0.05053821206152132, 'ndcg@10': 0.026365349910903724}
Sun 25 Jan 2026 21:33:15 INFO  [Epoch 61] training [time: 5043.12s, loss: 9.1792, mlm_loss: 4.1343, rec_loss: 7.9019, cl_loss: 0.0739, ]
Sun 25 Jan 2026 21:37:58 INFO  [Epoch 61] Saving current: ./myckpt/Baby_Products/Jan-22-2026_02-18-6563b1_mlm0.3_cl0.5_maskratio0.5_drop0.2_dpcross0.2/best_model.pth
Sun 25 Jan 2026 21:37:58 INFO  [Epoch 61] Val Result: {'recall@5': 0.031874888079746914, 'ndcg@5': 0.020690098323943272, 'recall@10': 0.05094941536175942, 'ndcg@10': 0.026800218282300968}
Sun 25 Jan 2026 23:01:44 INFO  [Epoch 62] training [time: 5026.66s, loss: 9.1778, mlm_loss: 4.1335, rec_loss: 7.9009, cl_loss: 0.0737, ]
Sun 25 Jan 2026 23:06:25 INFO  [Epoch 62] Val Result: {'recall@5': 0.031430523223038, 'ndcg@5': 0.02029335009743934, 'recall@10': 0.05035250734528476, 'ndcg@10': 0.0263578390828773}
Mon 26 Jan 2026 00:29:34 INFO  [Epoch 63] training [time: 4989.29s, loss: 9.1751, mlm_loss: 4.1324, rec_loss: 7.8983, cl_loss: 0.0742, ]
Mon 26 Jan 2026 00:34:17 INFO  [Epoch 63] Val Result: {'recall@5': 0.031205024639036457, 'ndcg@5': 0.020098158215676638, 'recall@10': 0.05021322880810734, 'ndcg@10': 0.0262022581319912}
Mon 26 Jan 2026 01:58:16 INFO  [Epoch 64] training [time: 5038.52s, loss: 9.1732, mlm_loss: 4.1305, rec_loss: 7.8972, cl_loss: 0.0737, ]
Mon 26 Jan 2026 02:02:59 INFO  [Epoch 64] Val Result: {'recall@5': 0.031470317090802974, 'ndcg@5': 0.02035594726247341, 'recall@10': 0.05020659649681317, 'ndcg@10': 0.026379877332509592}
Mon 26 Jan 2026 03:26:23 INFO  [Epoch 65] training [time: 5004.37s, loss: 9.1696, mlm_loss: 4.1297, rec_loss: 7.8936, cl_loss: 0.0743, ]
Mon 26 Jan 2026 03:31:06 INFO  [Epoch 65] Val Result: {'recall@5': 0.031662654118333695, 'ndcg@5': 0.020378902406564803, 'recall@10': 0.050365771967873084, 'ndcg@10': 0.02639806987130394}
Mon 26 Jan 2026 04:55:14 INFO  [Epoch 66] training [time: 5048.32s, loss: 9.1693, mlm_loss: 4.1286, rec_loss: 7.8935, cl_loss: 0.0745, ]
Mon 26 Jan 2026 04:59:56 INFO  [Epoch 66] Val Result: {'recall@5': 0.032014166616924335, 'ndcg@5': 0.02052984100725336, 'recall@10': 0.050485153571168014, 'ndcg@10': 0.026455367544704515}
Mon 26 Jan 2026 06:24:06 INFO  [Epoch 67] training [time: 5050.35s, loss: 9.1670, mlm_loss: 4.1279, rec_loss: 7.8916, cl_loss: 0.0741, ]
Mon 26 Jan 2026 06:28:50 INFO  [Epoch 67] Val Result: {'recall@5': 0.03178203572162863, 'ndcg@5': 0.02042642549162888, 'recall@10': 0.05057137361799213, 'ndcg@10': 0.02646611141149028}
Mon 26 Jan 2026 07:52:48 INFO  [Epoch 68] training [time: 5038.31s, loss: 9.1658, mlm_loss: 4.1271, rec_loss: 7.8906, cl_loss: 0.0741, ]
Mon 26 Jan 2026 07:57:33 INFO  [Epoch 68] Val Result: {'recall@5': 0.03137746473268469, 'ndcg@5': 0.0202328970683434, 'recall@10': 0.050385668901755575, 'ndcg@10': 0.026342324074328717}
Mon 26 Jan 2026 09:21:34 INFO  [Epoch 69] training [time: 5041.06s, loss: 9.1626, mlm_loss: 4.1258, rec_loss: 7.8878, cl_loss: 0.0740, ]
Mon 26 Jan 2026 09:26:16 INFO  [Epoch 69] Val Result: {'recall@5': 0.03141062628915551, 'ndcg@5': 0.02031100569158804, 'recall@10': 0.05023312574198983, 'ndcg@10': 0.026348650037229936}
Mon 26 Jan 2026 10:50:23 INFO  [Epoch 70] training [time: 5046.60s, loss: 9.1610, mlm_loss: 4.1259, rec_loss: 7.8860, cl_loss: 0.0746, ]
Mon 26 Jan 2026 10:55:08 INFO  [Epoch 70] Val Result: {'recall@5': 0.03183509421198193, 'ndcg@5': 0.020512608172143575, 'recall@10': 0.05015353800645987, 'ndcg@10': 0.02640612029813138}
Mon 26 Jan 2026 12:18:54 INFO  [Epoch 71] training [time: 5026.30s, loss: 9.1594, mlm_loss: 4.1251, rec_loss: 7.8845, cl_loss: 0.0749, ]
Mon 26 Jan 2026 12:23:34 INFO  [Epoch 71] Val Result: {'recall@5': 0.03165602180703953, 'ndcg@5': 0.020497273306188273, 'recall@10': 0.050843298381052816, 'ndcg@10': 0.026662239119619735}
Mon 26 Jan 2026 13:47:32 INFO  [Epoch 72] training [time: 5037.81s, loss: 9.1577, mlm_loss: 4.1249, rec_loss: 7.8829, cl_loss: 0.0747, ]
Mon 26 Jan 2026 13:52:13 INFO  [Epoch 72] Val Result: {'recall@5': 0.03174224185386365, 'ndcg@5': 0.020476673081417106, 'recall@10': 0.04996783329022331, 'ndcg@10': 0.026323310099745974}
Mon 26 Jan 2026 15:15:27 INFO  [Epoch 73] training [time: 4993.25s, loss: 9.1568, mlm_loss: 4.1239, rec_loss: 7.8825, cl_loss: 0.0744, ]
Mon 26 Jan 2026 15:20:07 INFO  [Epoch 73] Val Result: {'recall@5': 0.031543272515038766, 'ndcg@5': 0.020525225646700892, 'recall@10': 0.05047852125987385, 'ndcg@10': 0.02659098569860925}
Mon 26 Jan 2026 16:43:23 INFO  [Epoch 74] training [time: 4996.12s, loss: 9.1541, mlm_loss: 4.1232, rec_loss: 7.8798, cl_loss: 0.0748, ]
Mon 26 Jan 2026 16:48:06 INFO  [Epoch 74] Val Result: {'recall@5': 0.03111880459221234, 'ndcg@5': 0.020226957737884407, 'recall@10': 0.049443880697984444, 'ndcg@10': 0.02610916777768956}
Mon 26 Jan 2026 18:10:27 INFO  [Epoch 75] training [time: 4941.53s, loss: 9.1538, mlm_loss: 4.1237, rec_loss: 7.8793, cl_loss: 0.0748, ]
Mon 26 Jan 2026 18:15:10 INFO  [Epoch 75] Val Result: {'recall@5': 0.03160296331668623, 'ndcg@5': 0.020414667332685595, 'recall@10': 0.050770342956817024, 'ndcg@10': 0.02657021025155235}
Mon 26 Jan 2026 19:38:54 INFO  [Epoch 76] training [time: 5024.46s, loss: 9.1524, mlm_loss: 4.1226, rec_loss: 7.8783, cl_loss: 0.0747, ]
Mon 26 Jan 2026 19:43:36 INFO  [Epoch 76] Val Result: {'recall@5': 0.03184835883457026, 'ndcg@5': 0.020566972189304675, 'recall@10': 0.05021322880810734, 'ndcg@10': 0.02646392772926956}
Mon 26 Jan 2026 21:06:24 INFO  [Epoch 77] training [time: 4968.25s, loss: 9.1508, mlm_loss: 4.1218, rec_loss: 7.8768, cl_loss: 0.0749, ]
Mon 26 Jan 2026 21:11:05 INFO  [Epoch 77] Val Result: {'recall@5': 0.03151674326986211, 'ndcg@5': 0.020328039020906526, 'recall@10': 0.05042546276952055, 'ndcg@10': 0.026408213625811142}
Mon 26 Jan 2026 22:33:08 INFO  [Epoch 78] training [time: 4922.77s, loss: 9.1494, mlm_loss: 4.1222, rec_loss: 7.8752, cl_loss: 0.0750, ]
Mon 26 Jan 2026 22:37:49 INFO  [Epoch 78] Val Result: {'recall@5': 0.031350935487508044, 'ndcg@5': 0.020237129283738668, 'recall@10': 0.05015353800645987, 'ndcg@10': 0.026265362178439597}
Tue 27 Jan 2026 00:01:28 INFO  [Epoch 79] training [time: 5018.54s, loss: 9.1477, mlm_loss: 4.1219, rec_loss: 7.8735, cl_loss: 0.0751, ]
Tue 27 Jan 2026 00:06:09 INFO  [Epoch 79] Val Result: {'recall@5': 0.03156980176021542, 'ndcg@5': 0.020295256438212585, 'recall@10': 0.05030608116622562, 'ndcg@10': 0.0262900312996972}
Tue 27 Jan 2026 01:30:14 INFO  [Epoch 80] training [time: 5044.40s, loss: 9.1466, mlm_loss: 4.1216, rec_loss: 7.8728, cl_loss: 0.0747, ]
Tue 27 Jan 2026 01:34:55 INFO  [Epoch 80] Val Result: {'recall@5': 0.031609595627980394, 'ndcg@5': 0.020353961683856156, 'recall@10': 0.050684122909992906, 'ndcg@10': 0.026468909751069362}
Tue 27 Jan 2026 02:58:24 INFO  [Epoch 81] training [time: 5008.24s, loss: 9.1453, mlm_loss: 4.1209, rec_loss: 7.8716, cl_loss: 0.0748, ]
Tue 27 Jan 2026 03:03:02 INFO  [Epoch 81] Val Result: {'recall@5': 0.03168918336351035, 'ndcg@5': 0.020468218118260495, 'recall@10': 0.050332610411402266, 'ndcg@10': 0.026450915754679866}
Tue 27 Jan 2026 04:26:57 INFO  [Epoch 82] training [time: 5034.78s, loss: 9.1444, mlm_loss: 4.1214, rec_loss: 7.8703, cl_loss: 0.0753, ]
Tue 27 Jan 2026 04:31:40 INFO  [Epoch 82] Val Result: {'recall@5': 0.03180856496680528, 'ndcg@5': 0.020528024306881706, 'recall@10': 0.05015353800645987, 'ndcg@10': 0.02641669146909954}
Tue 27 Jan 2026 05:55:46 INFO  [Epoch 83] training [time: 5046.21s, loss: 9.1442, mlm_loss: 4.1219, rec_loss: 7.8698, cl_loss: 0.0756, ]
Tue 27 Jan 2026 06:00:30 INFO  [Epoch 83] Val Result: {'recall@5': 0.03154990482633293, 'ndcg@5': 0.020376582817278405, 'recall@10': 0.0496826439045743, 'ndcg@10': 0.02619651775348501}
Tue 27 Jan 2026 07:24:48 INFO  [Epoch 84] training [time: 5057.73s, loss: 9.1413, mlm_loss: 4.1200, rec_loss: 7.8678, cl_loss: 0.0751, ]
Tue 27 Jan 2026 07:29:29 INFO  [Epoch 84] Val Result: {'recall@5': 0.031470317090802974, 'ndcg@5': 0.02036604327321621, 'recall@10': 0.050279551921048965, 'ndcg@10': 0.026402054854735083}
Tue 27 Jan 2026 08:53:48 INFO  [Epoch 85] training [time: 5058.87s, loss: 9.1388, mlm_loss: 4.1193, rec_loss: 7.8654, cl_loss: 0.0753, ]
Tue 27 Jan 2026 08:58:32 INFO  [Epoch 85] Val Result: {'recall@5': 0.03167591874092202, 'ndcg@5': 0.020328628483159333, 'recall@10': 0.05017343494034236, 'ndcg@10': 0.026262637266539397}
Tue 27 Jan 2026 10:23:03 INFO  [Epoch 86] training [time: 5071.86s, loss: 9.1383, mlm_loss: 4.1186, rec_loss: 7.8651, cl_loss: 0.0752, ]
Tue 27 Jan 2026 10:27:46 INFO  [Epoch 86] Val Result: {'recall@5': 0.03162286025056872, 'ndcg@5': 0.020350430208174158, 'recall@10': 0.05035913965657892, 'ndcg@10': 0.026371870052310297}
Tue 27 Jan 2026 11:52:14 INFO  [Epoch 87] training [time: 5068.22s, loss: 9.1377, mlm_loss: 4.1192, rec_loss: 7.8643, cl_loss: 0.0752, ]
Tue 27 Jan 2026 11:56:57 INFO  [Epoch 87] Val Result: {'recall@5': 0.03182846190068777, 'ndcg@5': 0.020501088160394573, 'recall@10': 0.05043209508081471, 'ndcg@10': 0.026469073323771426}
Tue 27 Jan 2026 13:21:06 INFO  [Epoch 88] training [time: 5048.72s, loss: 9.1361, mlm_loss: 4.1181, rec_loss: 7.8628, cl_loss: 0.0757, ]
Tue 27 Jan 2026 13:25:48 INFO  [Epoch 88] Val Result: {'recall@5': 0.031364200110096364, 'ndcg@5': 0.020318123138525608, 'recall@10': 0.05043209508081471, 'ndcg@10': 0.026439263094657238}
Tue 27 Jan 2026 14:49:57 INFO  [Epoch 89] training [time: 5049.54s, loss: 9.1348, mlm_loss: 4.1180, rec_loss: 7.8618, cl_loss: 0.0751, ]
Tue 27 Jan 2026 14:54:39 INFO  [Epoch 89] Val Result: {'recall@5': 0.03176213878774614, 'ndcg@5': 0.020596425171042397, 'recall@10': 0.04995456866763499, 'ndcg@10': 0.026433456328862417}
Tue 27 Jan 2026 16:18:45 INFO  [Epoch 90] training [time: 5045.71s, loss: 9.1341, mlm_loss: 4.1174, rec_loss: 7.8611, cl_loss: 0.0754, ]
Tue 27 Jan 2026 16:23:27 INFO  [Epoch 90] Val Result: {'recall@5': 0.03170908029739284, 'ndcg@5': 0.020475754598180757, 'recall@10': 0.05009384720481241, 'ndcg@10': 0.026385542843396333}
Tue 27 Jan 2026 17:47:31 INFO  [Epoch 91] training [time: 5044.47s, loss: 9.1328, mlm_loss: 4.1174, rec_loss: 7.8599, cl_loss: 0.0754, ]
Tue 27 Jan 2026 17:52:14 INFO  [Epoch 91] Val Result: {'recall@5': 0.03151011095856795, 'ndcg@5': 0.020421682396785275, 'recall@10': 0.05006731795963575, 'ndcg@10': 0.026381771981993273}
Tue 27 Jan 2026 19:16:33 INFO  [Epoch 92] training [time: 5059.31s, loss: 9.1323, mlm_loss: 4.1167, rec_loss: 7.8597, cl_loss: 0.0752, ]
Tue 27 Jan 2026 19:21:15 INFO  [Epoch 92] Val Result: {'recall@5': 0.032067225107277636, 'ndcg@5': 0.02053093941724015, 'recall@10': 0.05069738753258123, 'ndcg@10': 0.026512360189476475}
Tue 27 Jan 2026 20:45:37 INFO  [Epoch 93] training [time: 5062.25s, loss: 9.1301, mlm_loss: 4.1162, rec_loss: 7.8574, cl_loss: 0.0757, ]
Tue 27 Jan 2026 20:50:20 INFO  [Epoch 93] Val Result: {'recall@5': 0.031437155534332156, 'ndcg@5': 0.02026279600985356, 'recall@10': 0.049722437772339284, 'ndcg@10': 0.026138117471242818}
Tue 27 Jan 2026 22:14:28 INFO  [Epoch 94] training [time: 5048.37s, loss: 9.1286, mlm_loss: 4.1162, rec_loss: 7.8561, cl_loss: 0.0753, ]
Tue 27 Jan 2026 22:19:09 INFO  [Epoch 94] Val Result: {'recall@5': 0.03170244798609868, 'ndcg@5': 0.020400002292688665, 'recall@10': 0.05035913965657892, 'ndcg@10': 0.026381818271981033}
Tue 27 Jan 2026 23:41:58 INFO  [Epoch 95] training [time: 4969.21s, loss: 9.1291, mlm_loss: 4.1161, rec_loss: 7.8567, cl_loss: 0.0751, ]
Tue 27 Jan 2026 23:46:39 INFO  [Epoch 95] Val Result: {'recall@5': 0.031609595627980394, 'ndcg@5': 0.020398513684504294, 'recall@10': 0.05031271347751978, 'ndcg@10': 0.026388206394457946}
Wed 28 Jan 2026 01:10:44 INFO  [Epoch 96] training [time: 5045.27s, loss: 9.1274, mlm_loss: 4.1159, rec_loss: 7.8548, cl_loss: 0.0757, ]
Wed 28 Jan 2026 01:15:27 INFO  [Epoch 96] Val Result: {'recall@5': 0.03172234491998117, 'ndcg@5': 0.020430475404816507, 'recall@10': 0.04999436253539996, 'ndcg@10': 0.0262962883533878}
Wed 28 Jan 2026 02:39:44 INFO  [Epoch 97] training [time: 5056.36s, loss: 9.1257, mlm_loss: 4.1149, rec_loss: 7.8536, cl_loss: 0.0752, ]
Wed 28 Jan 2026 02:44:24 INFO  [Epoch 97] Val Result: {'recall@5': 0.03184835883457026, 'ndcg@5': 0.02051225063559305, 'recall@10': 0.05061779979705128, 'ndcg@10': 0.026534260290202887}
Wed 28 Jan 2026 04:08:49 INFO  [Epoch 98] training [time: 5065.33s, loss: 9.1246, mlm_loss: 4.1144, rec_loss: 7.8526, cl_loss: 0.0755, ]
Wed 28 Jan 2026 04:13:34 INFO  [Epoch 98] Val Result: {'recall@5': 0.03125808312938976, 'ndcg@5': 0.020139407765907467, 'recall@10': 0.049934671733752496, 'ndcg@10': 0.026140896804199416}
Wed 28 Jan 2026 05:37:45 INFO  [Epoch 99] training [time: 5051.36s, loss: 9.1233, mlm_loss: 4.1144, rec_loss: 7.8513, cl_loss: 0.0755, ]
Wed 28 Jan 2026 05:42:27 INFO  [Epoch 99] Val Result: {'recall@5': 0.03153000789245044, 'ndcg@5': 0.020460919821903643, 'recall@10': 0.05009384720481241, 'ndcg@10': 0.026422709121256414}
Wed 28 Jan 2026 07:06:54 INFO  [Epoch 100] training [time: 5067.39s, loss: 9.1223, mlm_loss: 4.1142, rec_loss: 7.8501, cl_loss: 0.0758, ]
Wed 28 Jan 2026 07:11:36 INFO  [Epoch 100] Val Result: {'recall@5': 0.031715712608687004, 'ndcg@5': 0.020500161715878047, 'recall@10': 0.05008058258222408, 'ndcg@10': 0.02640168560495492}
Wed 28 Jan 2026 08:35:58 INFO  [Epoch 101] training [time: 5061.94s, loss: 9.1220, mlm_loss: 4.1137, rec_loss: 7.8501, cl_loss: 0.0755, ]
Wed 28 Jan 2026 08:40:40 INFO  [Epoch 101] Val Result: {'recall@5': 0.03181519727809944, 'ndcg@5': 0.02040100312925882, 'recall@10': 0.050558108995403805, 'ndcg@10': 0.026409682931280928}
Wed 28 Jan 2026 10:05:02 INFO  [Epoch 102] training [time: 5062.43s, loss: 9.1208, mlm_loss: 4.1136, rec_loss: 7.8488, cl_loss: 0.0759, ]
Wed 28 Jan 2026 10:09:47 INFO  [Epoch 102] Val Result: {'recall@5': 0.03146368477950881, 'ndcg@5': 0.02022378135510363, 'recall@10': 0.04984845168692838, 'ndcg@10': 0.026120954898116916}
Wed 28 Jan 2026 11:34:08 INFO  [Epoch 103] training [time: 5060.90s, loss: 9.1192, mlm_loss: 4.1136, rec_loss: 7.8472, cl_loss: 0.0758, ]
Wed 28 Jan 2026 11:38:51 INFO  [Epoch 103] Val Result: {'recall@5': 0.031788668032922796, 'ndcg@5': 0.020477181136526294, 'recall@10': 0.050438727392108876, 'ndcg@10': 0.026463025630125647}
Wed 28 Jan 2026 13:02:59 INFO  [Epoch 104] training [time: 5048.15s, loss: 9.1182, mlm_loss: 4.1131, rec_loss: 7.8463, cl_loss: 0.0759, ]
Wed 28 Jan 2026 13:07:41 INFO  [Epoch 104] Val Result: {'recall@5': 0.031768771099040305, 'ndcg@5': 0.020461161146454767, 'recall@10': 0.04997446560151747, 'ndcg@10': 0.026311807867952175}
Wed 28 Jan 2026 14:31:56 INFO  [Epoch 105] training [time: 5054.86s, loss: 9.1181, mlm_loss: 4.1127, rec_loss: 7.8463, cl_loss: 0.0759, ]
Wed 28 Jan 2026 14:36:39 INFO  [Epoch 105] Val Result: {'recall@5': 0.03168918336351035, 'ndcg@5': 0.020401176562539466, 'recall@10': 0.05030608116622562, 'ndcg@10': 0.026365931283596135}
Wed 28 Jan 2026 16:00:50 INFO  [Epoch 106] training [time: 5050.91s, loss: 9.1172, mlm_loss: 4.1121, rec_loss: 7.8455, cl_loss: 0.0761, ]
Wed 28 Jan 2026 16:05:32 INFO  [Epoch 106] Val Result: {'recall@5': 0.03200090199433601, 'ndcg@5': 0.02065193624466005, 'recall@10': 0.05065759366481625, 'ndcg@10': 0.026651628565634727}
