Tue 20 Jan 2026 03:33:22 INFO  {'seed': 2020, 'dataset': 'Industrial_and_Scientific', 'bidirectional': False, 'n_heads': 2, 'lr': 0.0005, 'tau': 0.07, 'cl_weight': 0.4, 'mlm_weight': 0.2, 'neg_num': 25000, 'text_types': ['title', 'brand', 'features', 'categories', 'description'], 'epochs': 500, 'batch_size': 100, 'num_workers': 8, 'eval_step': 1, 'learner': 'AdamW', 'data_path': './dataset', 'map_path': '.emb_map.json', 'text_index_path': '.code.pq.20_256.pca128.title_brand_features_categories_description.json', 'text_emb_path': '.t5.meta.emb.npy', 'lr_scheduler_type': 'constant', 'gradient_accumulation_steps': 1, 'warmup_steps': 500, 'weight_decay': 0.0001, 'max_his_len': 50, 'n_codes_per_lel': 256, 'code_level': 20, 'early_stop': 100, 'embedding_size': 128, 'hidden_size': 512, 'n_layers': 2, 'n_layers_cross': 2, 'dropout_prob': 0.4, 'dropout_prob_cross': 0.1, 'mask_ratio': 0.5, 'device': 'cuda:1', 'metrics': 'recall@5,ndcg@5,recall@10,ndcg@10', 'valid_metric': 'ndcg@10', 'log_dir': './logs/Industrial_and_Scientific/分析_时间为12小时', 'ckpt_dir': './myckpt/', 'resume': None, 'run_local_time': 'Jan-20-2026_03-33', 'save_file_name': 'Jan-20-2026_03-33-552db2_mlm0.2_cl0.4_maskratio0.5_drop0.4_dpcross0.1'}
Tue 20 Jan 2026 03:33:44 INFO  MGFSRec(
  (query_code_embedding): Embedding(5121, 128, padding_idx=0)
  (item_text_embedding): ModuleList(
    (0-4): 5 x Embedding(25849, 128, padding_idx=0)
  )
  (qformer): CrossAttTransformer(
    (layer): ModuleList(
      (0-1): 2 x CrossAttTransformerLayer(
        (self_attention): MultiHeadAttention(
          (query): Linear(in_features=128, out_features=128, bias=True)
          (key): Linear(in_features=128, out_features=128, bias=True)
          (value): Linear(in_features=128, out_features=128, bias=True)
          (softmax): Softmax(dim=-1)
          (attn_dropout): Dropout(p=0.1, inplace=False)
          (out_linear): Linear(in_features=128, out_features=128, bias=True)
          (LayerNorm): LayerNorm((128,), eps=1e-12, elementwise_affine=True)
          (out_dropout): Dropout(p=0.1, inplace=False)
        )
        (cross_attention): MultiHeadAttention(
          (query): Linear(in_features=128, out_features=128, bias=True)
          (key): Linear(in_features=128, out_features=128, bias=True)
          (value): Linear(in_features=128, out_features=128, bias=True)
          (softmax): Softmax(dim=-1)
          (attn_dropout): Dropout(p=0.1, inplace=False)
          (out_linear): Linear(in_features=128, out_features=128, bias=True)
          (LayerNorm): LayerNorm((128,), eps=1e-12, elementwise_affine=True)
          (out_dropout): Dropout(p=0.1, inplace=False)
        )
        (feed_forward): FeedForward(
          (linear_1): Linear(in_features=128, out_features=512, bias=True)
          (linear_2): Linear(in_features=512, out_features=128, bias=True)
          (LayerNorm): LayerNorm((128,), eps=1e-12, elementwise_affine=True)
          (dropout): Dropout(p=0.1, inplace=False)
        )
      )
    )
  )
  (fourier_attention): FrequencyAttention(
    (freq_proj): Linear(in_features=128, out_features=128, bias=True)
    (dropout): Dropout(p=0.1, inplace=False)
    (layer_norm): LayerNorm((128,), eps=1e-05, elementwise_affine=True)
  )
  (intra_position_embedding): Embedding(50, 128)
  (intra_transformer): Transformer(
    (layer): ModuleList(
      (0-1): 2 x TransformerLayer(
        (multi_head_attention): MultiHeadAttention(
          (query): Linear(in_features=128, out_features=128, bias=True)
          (key): Linear(in_features=128, out_features=128, bias=True)
          (value): Linear(in_features=128, out_features=128, bias=True)
          (softmax): Softmax(dim=-1)
          (attn_dropout): Dropout(p=0.4, inplace=False)
          (out_linear): Linear(in_features=128, out_features=128, bias=True)
          (LayerNorm): LayerNorm((128,), eps=1e-12, elementwise_affine=True)
          (out_dropout): Dropout(p=0.4, inplace=False)
        )
        (feed_forward): FeedForward(
          (linear_1): Linear(in_features=128, out_features=512, bias=True)
          (linear_2): Linear(in_features=512, out_features=128, bias=True)
          (LayerNorm): LayerNorm((128,), eps=1e-12, elementwise_affine=True)
          (dropout): Dropout(p=0.4, inplace=False)
        )
      )
    )
  )
  (intra_layer_norm): LayerNorm((128,), eps=1e-12, elementwise_affine=True)
  (intra_dropout): Dropout(p=0.4, inplace=False)
  (inter_lstm): LSTM(128, 64, batch_first=True, bidirectional=True)
  (inter_layer_norm): LayerNorm((128,), eps=1e-12, elementwise_affine=True)
  (inter_dropout): Dropout(p=0.4, inplace=False)
  (session_position_embedding): Embedding(50, 128)
  (session_attention_w): Linear(in_features=256, out_features=128, bias=True)
  (session_attention_v): Linear(in_features=128, out_features=1, bias=False)
  (residual_gate): Sequential(
    (0): Linear(in_features=256, out_features=128, bias=True)
    (1): Sigmoid()
  )
  (loss_fct): CrossEntropyLoss()
)
Tue 20 Jan 2026 04:01:01 INFO  [Epoch 0] training [time: 1636.49s, loss: 11.1997, mlm_loss: 6.8978, rec_loss: 9.3580, cl_loss: 1.1554, ]
Tue 20 Jan 2026 04:02:24 INFO  [Epoch 0] Saving current: ./myckpt/Industrial_and_Scientific/Jan-20-2026_03-33-552db2_mlm0.2_cl0.4_maskratio0.5_drop0.4_dpcross0.1/best_model.pth
Tue 20 Jan 2026 04:02:24 INFO  [Epoch 0] Val Result: {'recall@5': 0.0232029028145533, 'ndcg@5': 0.01472642329308032, 'recall@10': 0.03748161223889379, 'ndcg@10': 0.019300702518489508}
Tue 20 Jan 2026 04:29:33 INFO  [Epoch 1] training [time: 1629.11s, loss: 10.2008, mlm_loss: 5.7895, rec_loss: 8.8795, cl_loss: 0.4084, ]
Tue 20 Jan 2026 04:30:57 INFO  [Epoch 1] Saving current: ./myckpt/Industrial_and_Scientific/Jan-20-2026_03-33-552db2_mlm0.2_cl0.4_maskratio0.5_drop0.4_dpcross0.1/best_model.pth
Tue 20 Jan 2026 04:30:57 INFO  [Epoch 1] Val Result: {'recall@5': 0.02673335294694518, 'ndcg@5': 0.017212471507677463, 'recall@10': 0.043659899970579584, 'ndcg@10': 0.022644017162282783}
Tue 20 Jan 2026 04:58:06 INFO  [Epoch 2] training [time: 1628.35s, loss: 9.9444, mlm_loss: 5.4868, rec_loss: 8.7070, cl_loss: 0.3501, ]
Tue 20 Jan 2026 04:59:29 INFO  [Epoch 2] Saving current: ./myckpt/Industrial_and_Scientific/Jan-20-2026_03-33-552db2_mlm0.2_cl0.4_maskratio0.5_drop0.4_dpcross0.1/best_model.pth
Tue 20 Jan 2026 04:59:29 INFO  [Epoch 2] Val Result: {'recall@5': 0.02924389526331274, 'ndcg@5': 0.01887242418592486, 'recall@10': 0.04689614592527214, 'ndcg@10': 0.024555759462899198}
Tue 20 Jan 2026 05:26:47 INFO  [Epoch 3] training [time: 1637.59s, loss: 9.7924, mlm_loss: 5.3341, rec_loss: 8.5974, cl_loss: 0.3203, ]
Tue 20 Jan 2026 05:28:11 INFO  [Epoch 3] Saving current: ./myckpt/Industrial_and_Scientific/Jan-20-2026_03-33-552db2_mlm0.2_cl0.4_maskratio0.5_drop0.4_dpcross0.1/best_model.pth
Tue 20 Jan 2026 05:28:11 INFO  [Epoch 3] Val Result: {'recall@5': 0.031067961165048542, 'ndcg@5': 0.019641950349194217, 'recall@10': 0.049524369912719426, 'ndcg@10': 0.02556260891249218}
Tue 20 Jan 2026 05:55:16 INFO  [Epoch 4] training [time: 1624.86s, loss: 9.6902, mlm_loss: 5.2357, rec_loss: 8.5216, cl_loss: 0.3037, ]
Tue 20 Jan 2026 05:56:39 INFO  [Epoch 4] Saving current: ./myckpt/Industrial_and_Scientific/Jan-20-2026_03-33-552db2_mlm0.2_cl0.4_maskratio0.5_drop0.4_dpcross0.1/best_model.pth
Tue 20 Jan 2026 05:56:39 INFO  [Epoch 4] Val Result: {'recall@5': 0.03304893596155732, 'ndcg@5': 0.020862852791728864, 'recall@10': 0.05203491222908699, 'ndcg@10': 0.02697601967305895}
Tue 20 Jan 2026 06:23:50 INFO  [Epoch 5] training [time: 1630.84s, loss: 9.6090, mlm_loss: 5.1656, rec_loss: 8.4593, cl_loss: 0.2914, ]
Tue 20 Jan 2026 06:25:14 INFO  [Epoch 5] Saving current: ./myckpt/Industrial_and_Scientific/Jan-20-2026_03-33-552db2_mlm0.2_cl0.4_maskratio0.5_drop0.4_dpcross0.1/best_model.pth
Tue 20 Jan 2026 06:25:14 INFO  [Epoch 5] Val Result: {'recall@5': 0.0333039129155634, 'ndcg@5': 0.02109131313450514, 'recall@10': 0.05260370697263901, 'ndcg@10': 0.027282644179190702}
Tue 20 Jan 2026 06:52:57 INFO  [Epoch 6] training [time: 1663.62s, loss: 9.5434, mlm_loss: 5.1122, rec_loss: 8.4076, cl_loss: 0.2833, ]
Tue 20 Jan 2026 06:54:21 INFO  [Epoch 6] Saving current: ./myckpt/Industrial_and_Scientific/Jan-20-2026_03-33-552db2_mlm0.2_cl0.4_maskratio0.5_drop0.4_dpcross0.1/best_model.pth
Tue 20 Jan 2026 06:54:21 INFO  [Epoch 6] Val Result: {'recall@5': 0.03295086790232421, 'ndcg@5': 0.02109347108451598, 'recall@10': 0.053309796999117386, 'ndcg@10': 0.027610800566597992}
Tue 20 Jan 2026 07:22:28 INFO  [Epoch 7] training [time: 1686.85s, loss: 9.4889, mlm_loss: 5.0635, rec_loss: 8.3649, cl_loss: 0.2781, ]
Tue 20 Jan 2026 07:23:54 INFO  [Epoch 7] Saving current: ./myckpt/Industrial_and_Scientific/Jan-20-2026_03-33-552db2_mlm0.2_cl0.4_maskratio0.5_drop0.4_dpcross0.1/best_model.pth
Tue 20 Jan 2026 07:23:54 INFO  [Epoch 7] Val Result: {'recall@5': 0.03477493380406002, 'ndcg@5': 0.02246450433383166, 'recall@10': 0.05544768069039914, 'ndcg@10': 0.02912413565285056}
Tue 20 Jan 2026 07:52:09 INFO  [Epoch 8] training [time: 1694.86s, loss: 9.4382, mlm_loss: 5.0224, rec_loss: 8.3244, cl_loss: 0.2734, ]
Tue 20 Jan 2026 07:53:36 INFO  [Epoch 8] Val Result: {'recall@5': 0.03471609296852015, 'ndcg@5': 0.02220394998318286, 'recall@10': 0.05483965872315387, 'ndcg@10': 0.028669909467250093}
Tue 20 Jan 2026 08:21:33 INFO  [Epoch 9] training [time: 1676.99s, loss: 9.3973, mlm_loss: 4.9889, rec_loss: 8.2915, cl_loss: 0.2702, ]
Tue 20 Jan 2026 08:22:55 INFO  [Epoch 9] Saving current: ./myckpt/Industrial_and_Scientific/Jan-20-2026_03-33-552db2_mlm0.2_cl0.4_maskratio0.5_drop0.4_dpcross0.1/best_model.pth
Tue 20 Jan 2026 08:22:55 INFO  [Epoch 9] Val Result: {'recall@5': 0.03608904579778366, 'ndcg@5': 0.022757407957120796, 'recall@10': 0.05713445130920859, 'ndcg@10': 0.02951408703093133}
Tue 20 Jan 2026 08:50:46 INFO  [Epoch 10] training [time: 1670.91s, loss: 9.3573, mlm_loss: 4.9590, rec_loss: 8.2585, cl_loss: 0.2674, ]
Tue 20 Jan 2026 08:52:09 INFO  [Epoch 10] Val Result: {'recall@5': 0.03565754633715799, 'ndcg@5': 0.02275411426068241, 'recall@10': 0.055898793762871435, 'ndcg@10': 0.02928014176493008}
Tue 20 Jan 2026 09:20:02 INFO  [Epoch 11] training [time: 1672.85s, loss: 9.3238, mlm_loss: 4.9354, rec_loss: 8.2299, cl_loss: 0.2670, ]
Tue 20 Jan 2026 09:21:27 INFO  [Epoch 11] Saving current: ./myckpt/Industrial_and_Scientific/Jan-20-2026_03-33-552db2_mlm0.2_cl0.4_maskratio0.5_drop0.4_dpcross0.1/best_model.pth
Tue 20 Jan 2026 09:21:27 INFO  [Epoch 11] Val Result: {'recall@5': 0.03675590860056879, 'ndcg@5': 0.023542926939747036, 'recall@10': 0.05797783661861332, 'ndcg@10': 0.030363445327225135}
Tue 20 Jan 2026 09:49:21 INFO  [Epoch 12] training [time: 1673.63s, loss: 9.2944, mlm_loss: 4.9150, rec_loss: 8.2052, cl_loss: 0.2653, ]
Tue 20 Jan 2026 09:50:44 INFO  [Epoch 12] Val Result: {'recall@5': 0.03652054525840934, 'ndcg@5': 0.022921511244163615, 'recall@10': 0.05711483769736197, 'ndcg@10': 0.029545668887778733}
Tue 20 Jan 2026 10:17:54 INFO  [Epoch 13] training [time: 1629.81s, loss: 9.2650, mlm_loss: 4.8968, rec_loss: 8.1799, cl_loss: 0.2643, ]
Tue 20 Jan 2026 10:19:19 INFO  [Epoch 13] Val Result: {'recall@5': 0.035951750514857314, 'ndcg@5': 0.022912756282230842, 'recall@10': 0.05797783661861332, 'ndcg@10': 0.030016170947285415}
Tue 20 Jan 2026 10:46:23 INFO  [Epoch 14] training [time: 1624.37s, loss: 9.2404, mlm_loss: 4.8826, rec_loss: 8.1588, cl_loss: 0.2626, ]
Tue 20 Jan 2026 10:47:46 INFO  [Epoch 14] Saving current: ./myckpt/Industrial_and_Scientific/Jan-20-2026_03-33-552db2_mlm0.2_cl0.4_maskratio0.5_drop0.4_dpcross0.1/best_model.pth
Tue 20 Jan 2026 10:47:46 INFO  [Epoch 14] Val Result: {'recall@5': 0.03777581641659312, 'ndcg@5': 0.024003377595672167, 'recall@10': 0.05954692556634304, 'ndcg@10': 0.03100056812449204}
Tue 20 Jan 2026 11:14:58 INFO  [Epoch 15] training [time: 1632.16s, loss: 9.2182, mlm_loss: 4.8699, rec_loss: 8.1400, cl_loss: 0.2604, ]
Tue 20 Jan 2026 11:16:20 INFO  [Epoch 15] Val Result: {'recall@5': 0.03761890752182014, 'ndcg@5': 0.023872902916028848, 'recall@10': 0.058703540256938316, 'ndcg@10': 0.030642084913697094}
Tue 20 Jan 2026 11:43:27 INFO  [Epoch 16] training [time: 1626.76s, loss: 9.1982, mlm_loss: 4.8584, rec_loss: 8.1217, cl_loss: 0.2622, ]
Tue 20 Jan 2026 11:44:51 INFO  [Epoch 16] Saving current: ./myckpt/Industrial_and_Scientific/Jan-20-2026_03-33-552db2_mlm0.2_cl0.4_maskratio0.5_drop0.4_dpcross0.1/best_model.pth
Tue 20 Jan 2026 11:44:51 INFO  [Epoch 16] Val Result: {'recall@5': 0.038364224771991765, 'ndcg@5': 0.024310752817540936, 'recall@10': 0.05939001667157007, 'ndcg@10': 0.0310814942806927}
Tue 20 Jan 2026 12:12:02 INFO  [Epoch 17] training [time: 1630.99s, loss: 9.1738, mlm_loss: 4.8482, rec_loss: 8.1007, cl_loss: 0.2587, ]
Tue 20 Jan 2026 12:13:24 INFO  [Epoch 17] Val Result: {'recall@5': 0.037716975581053254, 'ndcg@5': 0.02366224981305926, 'recall@10': 0.05984112974404236, 'ndcg@10': 0.03077332621475546}
Tue 20 Jan 2026 12:40:32 INFO  [Epoch 18] training [time: 1627.76s, loss: 9.1565, mlm_loss: 4.8399, rec_loss: 8.0856, cl_loss: 0.2573, ]
Tue 20 Jan 2026 12:41:59 INFO  [Epoch 18] Saving current: ./myckpt/Industrial_and_Scientific/Jan-20-2026_03-33-552db2_mlm0.2_cl0.4_maskratio0.5_drop0.4_dpcross0.1/best_model.pth
Tue 20 Jan 2026 12:41:59 INFO  [Epoch 18] Val Result: {'recall@5': 0.0388545650681573, 'ndcg@5': 0.024759713424658488, 'recall@10': 0.06015494753358831, 'ndcg@10': 0.031601834020696926}
Tue 20 Jan 2026 13:09:12 INFO  [Epoch 19] training [time: 1633.10s, loss: 9.1370, mlm_loss: 4.8310, rec_loss: 8.0685, cl_loss: 0.2556, ]
Tue 20 Jan 2026 13:10:36 INFO  [Epoch 19] Saving current: ./myckpt/Industrial_and_Scientific/Jan-20-2026_03-33-552db2_mlm0.2_cl0.4_maskratio0.5_drop0.4_dpcross0.1/best_model.pth
Tue 20 Jan 2026 13:10:36 INFO  [Epoch 19] Val Result: {'recall@5': 0.03859958811415122, 'ndcg@5': 0.02442341297704168, 'recall@10': 0.061233696185152495, 'ndcg@10': 0.03172298890709398}
Tue 20 Jan 2026 13:37:43 INFO  [Epoch 20] training [time: 1626.94s, loss: 9.1185, mlm_loss: 4.8253, rec_loss: 8.0521, cl_loss: 0.2534, ]
Tue 20 Jan 2026 13:39:06 INFO  [Epoch 20] Val Result: {'recall@5': 0.0378542708639796, 'ndcg@5': 0.023774257244123388, 'recall@10': 0.058605472197705205, 'ndcg@10': 0.03048151369958552}
Tue 20 Jan 2026 14:06:18 INFO  [Epoch 21] training [time: 1632.25s, loss: 9.1036, mlm_loss: 4.8204, rec_loss: 8.0386, cl_loss: 0.2523, ]
Tue 20 Jan 2026 14:07:41 INFO  [Epoch 21] Val Result: {'recall@5': 0.03869765617338433, 'ndcg@5': 0.024375611972116754, 'recall@10': 0.06040992448759439, 'ndcg@10': 0.03136008045562777}
Tue 20 Jan 2026 14:34:52 INFO  [Epoch 22] training [time: 1631.14s, loss: 9.0887, mlm_loss: 4.8143, rec_loss: 8.0249, cl_loss: 0.2524, ]
Tue 20 Jan 2026 14:36:15 INFO  [Epoch 22] Saving current: ./myckpt/Industrial_and_Scientific/Jan-20-2026_03-33-552db2_mlm0.2_cl0.4_maskratio0.5_drop0.4_dpcross0.1/best_model.pth
Tue 20 Jan 2026 14:36:15 INFO  [Epoch 22] Val Result: {'recall@5': 0.03918799646954987, 'ndcg@5': 0.024889508570434184, 'recall@10': 0.06129253702069236, 'ndcg@10': 0.0319897297762113}
Tue 20 Jan 2026 15:03:26 INFO  [Epoch 23] training [time: 1631.60s, loss: 9.0750, mlm_loss: 4.8096, rec_loss: 8.0121, cl_loss: 0.2526, ]
Tue 20 Jan 2026 15:04:49 INFO  [Epoch 23] Val Result: {'recall@5': 0.038658428949691084, 'ndcg@5': 0.024443669277417306, 'recall@10': 0.060939492007453175, 'ndcg@10': 0.03161408408104093}
Tue 20 Jan 2026 15:32:00 INFO  [Epoch 24] training [time: 1630.52s, loss: 9.0603, mlm_loss: 4.8056, rec_loss: 7.9989, cl_loss: 0.2507, ]
Tue 20 Jan 2026 15:33:21 INFO  [Epoch 24] Val Result: {'recall@5': 0.03846229283122487, 'ndcg@5': 0.024509914996075233, 'recall@10': 0.06039031087574777, 'ndcg@10': 0.03158117112218369}
Tue 20 Jan 2026 16:00:31 INFO  [Epoch 25] training [time: 1629.72s, loss: 9.0476, mlm_loss: 4.8020, rec_loss: 7.9873, cl_loss: 0.2497, ]
Tue 20 Jan 2026 16:01:55 INFO  [Epoch 25] Val Result: {'recall@5': 0.038109247817985685, 'ndcg@5': 0.02419695137142609, 'recall@10': 0.05976267529665588, 'ndcg@10': 0.0311729333196608}
Tue 20 Jan 2026 16:29:05 INFO  [Epoch 26] training [time: 1629.74s, loss: 9.0337, mlm_loss: 4.7994, rec_loss: 7.9741, cl_loss: 0.2493, ]
Tue 20 Jan 2026 16:30:27 INFO  [Epoch 26] Val Result: {'recall@5': 0.037932725311366086, 'ndcg@5': 0.02414084185779568, 'recall@10': 0.06086103756006669, 'ndcg@10': 0.03153402708296193}
Tue 20 Jan 2026 16:57:40 INFO  [Epoch 27] training [time: 1633.06s, loss: 9.0195, mlm_loss: 4.7964, rec_loss: 7.9604, cl_loss: 0.2496, ]
Tue 20 Jan 2026 16:59:03 INFO  [Epoch 27] Val Result: {'recall@5': 0.03834461116014514, 'ndcg@5': 0.024159125201758468, 'recall@10': 0.06113562812591939, 'ndcg@10': 0.03150686769376985}
Tue 20 Jan 2026 17:26:08 INFO  [Epoch 28] training [time: 1625.16s, loss: 9.0106, mlm_loss: 4.7944, rec_loss: 7.9521, cl_loss: 0.2492, ]
Tue 20 Jan 2026 17:27:35 INFO  [Epoch 28] Val Result: {'recall@5': 0.03852113366676473, 'ndcg@5': 0.024296324776471496, 'recall@10': 0.06015494753358831, 'ndcg@10': 0.03127311772606683}
Tue 20 Jan 2026 17:54:43 INFO  [Epoch 29] training [time: 1628.29s, loss: 8.9984, mlm_loss: 4.7917, rec_loss: 7.9406, cl_loss: 0.2488, ]
Tue 20 Jan 2026 17:56:06 INFO  [Epoch 29] Val Result: {'recall@5': 0.03808963420613906, 'ndcg@5': 0.02370572709576621, 'recall@10': 0.06042953809944101, 'ndcg@10': 0.03091215630705548}
Tue 20 Jan 2026 18:23:17 INFO  [Epoch 30] training [time: 1630.56s, loss: 8.9877, mlm_loss: 4.7897, rec_loss: 7.9300, cl_loss: 0.2494, ]
Tue 20 Jan 2026 18:24:39 INFO  [Epoch 30] Val Result: {'recall@5': 0.038050406982445814, 'ndcg@5': 0.023841349376794625, 'recall@10': 0.059860743355888986, 'ndcg@10': 0.03086029163082172}
Tue 20 Jan 2026 18:51:40 INFO  [Epoch 31] training [time: 1620.54s, loss: 8.9759, mlm_loss: 4.7882, rec_loss: 7.9183, cl_loss: 0.2499, ]
Tue 20 Jan 2026 18:53:01 INFO  [Epoch 31] Val Result: {'recall@5': 0.03832499754829852, 'ndcg@5': 0.024177755262146303, 'recall@10': 0.060684515053447095, 'ndcg@10': 0.03135441292135391}
Tue 20 Jan 2026 19:20:13 INFO  [Epoch 32] training [time: 1631.86s, loss: 8.9652, mlm_loss: 4.7849, rec_loss: 7.9088, cl_loss: 0.2486, ]
Tue 20 Jan 2026 19:21:36 INFO  [Epoch 32] Val Result: {'recall@5': 0.03828577032460528, 'ndcg@5': 0.024045135754048153, 'recall@10': 0.060115720309895065, 'ndcg@10': 0.031039751581997455}
Tue 20 Jan 2026 19:48:39 INFO  [Epoch 33] training [time: 1623.88s, loss: 8.9550, mlm_loss: 4.7842, rec_loss: 7.8983, cl_loss: 0.2497, ]
Tue 20 Jan 2026 19:50:01 INFO  [Epoch 33] Val Result: {'recall@5': 0.03783465725213298, 'ndcg@5': 0.024036577846345285, 'recall@10': 0.0599588114151221, 'ndcg@10': 0.03116432081908353}
Tue 20 Jan 2026 20:17:09 INFO  [Epoch 34] training [time: 1627.58s, loss: 8.9449, mlm_loss: 4.7825, rec_loss: 7.8886, cl_loss: 0.2497, ]
Tue 20 Jan 2026 20:18:32 INFO  [Epoch 34] Val Result: {'recall@5': 0.03846229283122487, 'ndcg@5': 0.024308289140769754, 'recall@10': 0.06080219672452682, 'ndcg@10': 0.03149138020921995}
Tue 20 Jan 2026 20:45:41 INFO  [Epoch 35] training [time: 1628.61s, loss: 8.9371, mlm_loss: 4.7819, rec_loss: 7.8810, cl_loss: 0.2493, ]
Tue 20 Jan 2026 20:47:04 INFO  [Epoch 35] Val Result: {'recall@5': 0.03828577032460528, 'ndcg@5': 0.02402667735351749, 'recall@10': 0.06091987839560655, 'ndcg@10': 0.03129595164003192}
Tue 20 Jan 2026 21:14:13 INFO  [Epoch 36] training [time: 1628.36s, loss: 8.9288, mlm_loss: 4.7807, rec_loss: 7.8727, cl_loss: 0.2498, ]
Tue 20 Jan 2026 21:15:36 INFO  [Epoch 36] Val Result: {'recall@5': 0.037285476120427576, 'ndcg@5': 0.02327600137338903, 'recall@10': 0.058821221928018044, 'ndcg@10': 0.030209499857665814}
Tue 20 Jan 2026 21:42:37 INFO  [Epoch 37] training [time: 1620.82s, loss: 8.9189, mlm_loss: 4.7806, rec_loss: 7.8635, cl_loss: 0.2483, ]
Tue 20 Jan 2026 21:43:59 INFO  [Epoch 37] Val Result: {'recall@5': 0.03859958811415122, 'ndcg@5': 0.024277854260947525, 'recall@10': 0.05952731195449642, 'ndcg@10': 0.031014623423470018}
Tue 20 Jan 2026 22:11:05 INFO  [Epoch 38] training [time: 1625.83s, loss: 8.9115, mlm_loss: 4.7796, rec_loss: 7.8564, cl_loss: 0.2481, ]
Tue 20 Jan 2026 22:12:26 INFO  [Epoch 38] Val Result: {'recall@5': 0.03820731587721879, 'ndcg@5': 0.024233435311363738, 'recall@10': 0.059684220849269394, 'ndcg@10': 0.031118727300264583}
Tue 20 Jan 2026 22:39:31 INFO  [Epoch 39] training [time: 1624.33s, loss: 8.9025, mlm_loss: 4.7787, rec_loss: 7.8472, cl_loss: 0.2489, ]
Tue 20 Jan 2026 22:40:53 INFO  [Epoch 39] Val Result: {'recall@5': 0.03761890752182014, 'ndcg@5': 0.023834231480951693, 'recall@10': 0.060370697263901145, 'ndcg@10': 0.031123807810329508}
Tue 20 Jan 2026 23:07:59 INFO  [Epoch 40] training [time: 1626.83s, loss: 8.8946, mlm_loss: 4.7780, rec_loss: 7.8392, cl_loss: 0.2494, ]
Tue 20 Jan 2026 23:09:21 INFO  [Epoch 40] Val Result: {'recall@5': 0.03648131803471609, 'ndcg@5': 0.023097940038159348, 'recall@10': 0.05789938217122683, 'ndcg@10': 0.02999346162263489}
Tue 20 Jan 2026 23:36:27 INFO  [Epoch 41] training [time: 1625.29s, loss: 8.8876, mlm_loss: 4.7773, rec_loss: 7.8324, cl_loss: 0.2494, ]
Tue 20 Jan 2026 23:37:50 INFO  [Epoch 41] Val Result: {'recall@5': 0.03759929390997352, 'ndcg@5': 0.023586816933034178, 'recall@10': 0.059429243895263315, 'ndcg@10': 0.030607711602463797}
Wed 21 Jan 2026 00:05:00 INFO  [Epoch 42] training [time: 1630.72s, loss: 8.8819, mlm_loss: 4.7753, rec_loss: 7.8266, cl_loss: 0.2505, ]
Wed 21 Jan 2026 00:06:23 INFO  [Epoch 42] Val Result: {'recall@5': 0.0373050897322742, 'ndcg@5': 0.023793568192737598, 'recall@10': 0.05864469942139845, 'ndcg@10': 0.030644186637068867}
Wed 21 Jan 2026 00:33:32 INFO  [Epoch 43] training [time: 1629.42s, loss: 8.8723, mlm_loss: 4.7746, rec_loss: 7.8174, cl_loss: 0.2501, ]
Wed 21 Jan 2026 00:34:55 INFO  [Epoch 43] Val Result: {'recall@5': 0.03799156614690595, 'ndcg@5': 0.024135594474599446, 'recall@10': 0.05913503971756399, 'ndcg@10': 0.0309573363366987}
Wed 21 Jan 2026 01:02:09 INFO  [Epoch 44] training [time: 1633.95s, loss: 8.8656, mlm_loss: 4.7739, rec_loss: 7.8112, cl_loss: 0.2488, ]
Wed 21 Jan 2026 01:03:31 INFO  [Epoch 44] Val Result: {'recall@5': 0.03712856722565461, 'ndcg@5': 0.023835999847358614, 'recall@10': 0.05966460723742277, 'ndcg@10': 0.031072631970777153}
Wed 21 Jan 2026 01:30:37 INFO  [Epoch 45] training [time: 1626.45s, loss: 8.8581, mlm_loss: 4.7747, rec_loss: 7.8032, cl_loss: 0.2499, ]
Wed 21 Jan 2026 01:32:00 INFO  [Epoch 45] Val Result: {'recall@5': 0.037932725311366086, 'ndcg@5': 0.023963488691447238, 'recall@10': 0.05958615279003628, 'ndcg@10': 0.03092720466898366}
Wed 21 Jan 2026 01:59:10 INFO  [Epoch 46] training [time: 1629.96s, loss: 8.8517, mlm_loss: 4.7739, rec_loss: 7.7972, cl_loss: 0.2494, ]
Wed 21 Jan 2026 02:00:33 INFO  [Epoch 46] Val Result: {'recall@5': 0.03795233892321271, 'ndcg@5': 0.023822499668877582, 'recall@10': 0.059252721388643716, 'ndcg@10': 0.030641494771014292}
